TN:
SF:components\AchievementCard.tsx
FN:57,AchievementCardComponent
FN:157,AchievementBadgeComponent
FN:188,AchievementListItemInner
FN:252,AchievementToast
FNF:4
FNH:0
FNDA:0,AchievementCardComponent
FNDA:0,AchievementBadgeComponent
FNDA:0,AchievementListItemInner
FNDA:0,AchievementToast
DA:1,0
DA:2,0
DA:3,0
DA:26,0
DA:63,0
DA:64,0
DA:65,0
DA:66,0
DA:68,0
DA:70,0
DA:74,0
DA:158,0
DA:159,0
DA:160,0
DA:162,0
DA:189,0
DA:190,0
DA:191,0
DA:193,0
DA:197,0
DA:242,0
DA:252,0
DA:253,0
DA:271,0
DA:272,0
DA:273,0
DA:279,0
LF:27
LH:0
BRDA:59,0,0,0
BRDA:60,1,0,0
BRDA:65,2,0,0
BRDA:65,2,1,0
BRDA:68,3,0,0
BRDA:68,3,1,0
BRDA:70,4,0,0
BRDA:70,4,1,0
BRDA:79,5,0,0
BRDA:79,5,1,0
BRDA:85,6,0,0
BRDA:85,6,1,0
BRDA:92,7,0,0
BRDA:92,7,1,0
BRDA:95,8,0,0
BRDA:95,8,1,0
BRDA:108,9,0,0
BRDA:108,9,1,0
BRDA:118,10,0,0
BRDA:118,10,1,0
BRDA:126,11,0,0
BRDA:126,11,1,0
BRDA:126,11,2,0
BRDA:144,12,0,0
BRDA:144,12,1,0
BRDA:157,13,0,0
BRDA:159,14,0,0
BRDA:159,14,1,0
BRDA:160,15,0,0
BRDA:160,15,1,0
BRDA:167,16,0,0
BRDA:167,16,1,0
BRDA:170,17,0,0
BRDA:170,17,1,0
BRDA:190,18,0,0
BRDA:190,18,1,0
BRDA:193,19,0,0
BRDA:193,19,1,0
BRDA:199,20,0,0
BRDA:199,20,1,0
BRDA:209,21,0,0
BRDA:209,21,1,0
BRDA:212,22,0,0
BRDA:212,22,1,0
BRDA:221,23,0,0
BRDA:221,23,1,0
BRDA:226,24,0,0
BRDA:226,24,1,0
BRDA:235,25,0,0
BRDA:235,25,1,0
BRF:50
BRH:0
end_of_record
TN:
SF:components\AppLoadingScreen.tsx
FN:18,AppLoadingScreen
FNF:1
FNH:0
FNDA:0,AppLoadingScreen
DA:1,0
DA:2,0
DA:3,0
DA:10,0
DA:18,0
DA:19,0
DA:52,0
LF:7
LH:0
BRDA:45,0,0,0
BRDA:45,0,1,0
BRF:2
BRH:0
end_of_record
TN:
SF:components\DynamicSetInput.tsx
FN:27,(anonymous_1)
FN:36,(anonymous_2)
FN:91,(anonymous_3)
FN:105,(anonymous_4)
FN:119,(anonymous_5)
FN:133,(anonymous_6)
FN:150,(anonymous_7)
FN:164,(anonymous_8)
FNF:8
FNH:0
FNDA:0,(anonymous_1)
FNDA:0,(anonymous_2)
FNDA:0,(anonymous_3)
FNDA:0,(anonymous_4)
FNDA:0,(anonymous_5)
FNDA:0,(anonymous_6)
FNDA:0,(anonymous_7)
FNDA:0,(anonymous_8)
DA:1,0
DA:2,0
DA:27,0
DA:33,0
DA:36,0
DA:37,0
DA:39,0
DA:41,0
DA:46,0
DA:51,0
DA:52,0
DA:53,0
DA:58,0
DA:63,0
DA:66,0
DA:71,0
DA:75,0
DA:91,0
DA:105,0
DA:119,0
DA:133,0
DA:150,0
DA:164,0
DA:179,0
LF:24
LH:0
BRDA:33,0,0,0
BRDA:33,0,1,0
BRDA:37,1,0,0
BRDA:37,1,1,0
BRDA:39,2,0,0
BRDA:39,2,1,0
BRDA:39,2,2,0
BRDA:39,2,3,0
BRDA:39,2,4,0
BRDA:39,2,5,0
BRDA:39,2,6,0
BRDA:41,3,0,0
BRDA:41,3,1,0
BRDA:41,4,0,0
BRDA:41,4,1,0
BRDA:46,5,0,0
BRDA:46,5,1,0
BRDA:51,6,0,0
BRDA:51,6,1,0
BRDA:52,7,0,0
BRDA:52,7,1,0
BRDA:53,8,0,0
BRDA:53,8,1,0
BRDA:53,9,0,0
BRDA:53,9,1,0
BRDA:58,10,0,0
BRDA:58,10,1,0
BRDA:58,11,0,0
BRDA:58,11,1,0
BRDA:63,12,0,0
BRDA:63,12,1,0
BRDA:66,13,0,0
BRDA:66,13,1,0
BRDA:66,14,0,0
BRDA:66,14,1,0
BRDA:86,15,0,0
BRDA:86,15,1,0
BRDA:86,15,2,0
BRDA:86,15,3,0
BRDA:90,16,0,0
BRDA:90,16,1,0
BRDA:91,17,0,0
BRDA:91,17,1,0
BRDA:100,18,0,0
BRDA:100,18,1,0
BRDA:104,19,0,0
BRDA:104,19,1,0
BRDA:105,20,0,0
BRDA:105,20,1,0
BRDA:114,21,0,0
BRDA:114,21,1,0
BRDA:114,21,2,0
BRDA:114,21,3,0
BRDA:118,22,0,0
BRDA:118,22,1,0
BRDA:119,23,0,0
BRDA:119,23,1,0
BRDA:128,24,0,0
BRDA:128,24,1,0
BRDA:132,25,0,0
BRDA:132,25,1,0
BRDA:135,26,0,0
BRDA:135,26,1,0
BRDA:145,27,0,0
BRDA:145,27,1,0
BRDA:149,28,0,0
BRDA:149,28,1,0
BRDA:150,29,0,0
BRDA:150,29,1,0
BRDA:159,30,0,0
BRDA:159,30,1,0
BRDA:163,31,0,0
BRDA:163,31,1,0
BRDA:166,32,0,0
BRDA:166,32,1,0
BRF:75
BRH:0
end_of_record
TN:
SF:components\ErrorBoundary.tsx
FN:35,(anonymous_9)
FN:40,(anonymous_10)
FN:45,(anonymous_11)
FN:70,(anonymous_12)
FN:74,(anonymous_13)
FNF:5
FNH:0
FNDA:0,(anonymous_9)
FNDA:0,(anonymous_10)
FNDA:0,(anonymous_11)
FNDA:0,(anonymous_12)
FNDA:0,(anonymous_13)
DA:1,0
DA:2,0
DA:3,0
DA:34,0
DA:36,0
DA:37,0
DA:42,0
DA:47,0
DA:48,0
DA:51,0
DA:54,0
DA:55,0
DA:62,0
DA:70,0
DA:71,0
DA:75,0
DA:77,0
DA:78,0
DA:82,0
DA:90,0
LF:20
LH:0
BRDA:54,0,0,0
BRDA:54,0,1,0
BRDA:75,1,0,0
BRDA:75,1,1,0
BRDA:75,2,0,0
BRDA:75,2,1,0
BRDA:77,3,0,0
BRDA:77,3,1,0
BRF:8
BRH:0
end_of_record
TN:
SF:components\ErrorFallback.tsx
FN:10,ErrorFallback
FNF:1
FNH:0
FNDA:0,ErrorFallback
DA:1,0
DA:2,0
DA:3,0
DA:10,0
DA:11,0
DA:36,0
LF:6
LH:0
BRDA:16,0,0,0
BRDA:16,0,1,0
BRDA:19,1,0,0
BRDA:19,1,1,0
BRF:4
BRH:0
end_of_record
TN:
SF:components\NotificationBell.tsx
FN:7,NotificationBell
FN:9,(anonymous_2)
FN:14,(anonymous_3)
FNF:3
FNH:0
FNDA:0,NotificationBell
FNDA:0,(anonymous_2)
FNDA:0,(anonymous_3)
DA:1,0
DA:2,0
DA:3,0
DA:4,0
DA:5,0
DA:7,0
DA:8,0
DA:9,0
DA:11,0
DA:14,0
DA:28,0
LF:11
LH:0
BRDA:17,0,0,0
BRDA:17,0,1,0
BRDA:20,1,0,0
BRDA:20,1,1,0
BRF:4
BRH:0
end_of_record
TN:
SF:components\SafeEmoji.tsx
FN:53,SafeEmoji
FN:99,useSafeEmoji
FN:124,getSafeEmoji
FNF:3
FNH:0
FNDA:0,SafeEmoji
FNDA:0,useSafeEmoji
FNDA:0,getSafeEmoji
DA:8,0
DA:9,0
DA:10,0
DA:53,0
DA:63,0
DA:65,0
DA:66,0
DA:68,0
DA:69,0
DA:71,0
DA:72,0
DA:74,0
DA:75,0
DA:80,0
DA:83,0
DA:85,0
DA:99,0
DA:105,0
DA:107,0
DA:108,0
DA:110,0
DA:112,0
DA:114,0
DA:118,0
DA:124,0
DA:130,0
DA:132,0
DA:133,0
DA:135,0
DA:137,0
DA:139,0
DA:143,0
LF:32
LH:0
BRDA:57,0,0,0
BRDA:65,1,0,0
BRDA:65,1,1,0
BRDA:65,2,0,0
BRDA:65,2,1,0
BRDA:66,3,0,0
BRDA:66,3,1,0
BRDA:66,3,2,0
BRDA:83,4,0,0
BRDA:83,4,1,0
BRDA:105,5,0,0
BRDA:107,6,0,0
BRDA:107,6,1,0
BRDA:107,7,0,0
BRDA:107,7,1,0
BRDA:108,8,0,0
BRDA:108,8,1,0
BRDA:108,8,2,0
BRDA:130,9,0,0
BRDA:132,10,0,0
BRDA:132,10,1,0
BRDA:132,11,0,0
BRDA:132,11,1,0
BRDA:133,12,0,0
BRDA:133,12,1,0
BRDA:133,12,2,0
BRF:26
BRH:0
end_of_record
TN:
SF:components\ScreenErrorBoundary.tsx
FN:29,(anonymous_9)
FN:33,(anonymous_10)
FN:37,(anonymous_11)
FN:41,(anonymous_12)
FNF:4
FNH:0
FNDA:0,(anonymous_9)
FNDA:0,(anonymous_10)
FNDA:0,(anonymous_11)
FNDA:0,(anonymous_12)
DA:1,0
DA:2,0
DA:3,0
DA:26,0
DA:27,0
DA:30,0
DA:34,0
DA:37,0
DA:38,0
DA:42,0
DA:43,0
DA:63,0
DA:67,0
LF:13
LH:0
BRDA:34,0,0,0
BRDA:34,0,1,0
BRDA:42,1,0,0
BRDA:42,1,1,0
BRDA:48,2,0,0
BRDA:48,2,1,0
BRDA:50,3,0,0
BRDA:50,3,1,0
BRDA:50,3,2,0
BRF:9
BRH:0
end_of_record
TN:
SF:components\SettingsHeader.tsx
FN:13,SettingsHeader
FN:17,(anonymous_2)
FNF:2
FNH:0
FNDA:0,SettingsHeader
FNDA:0,(anonymous_2)
DA:1,0
DA:2,0
DA:3,0
DA:4,0
DA:5,0
DA:13,0
DA:14,0
DA:15,0
DA:17,0
DA:18,0
DA:19,0
DA:21,0
DA:22,0
DA:26,0
DA:39,0
LF:15
LH:0
BRDA:18,0,0,0
BRDA:18,0,1,0
BRDA:21,1,0,0
BRDA:21,1,1,0
BRDA:33,2,0,0
BRDA:33,2,1,0
BRF:6
BRH:0
end_of_record
TN:
SF:components\index.ts
FN:11,(anonymous_4)
FN:11,(anonymous_5)
FN:11,(anonymous_6)
FN:11,(anonymous_7)
FN:14,(anonymous_8)
FN:17,(anonymous_9)
FN:18,(anonymous_10)
FN:19,(anonymous_11)
FNF:8
FNH:0
FNDA:0,(anonymous_4)
FNDA:0,(anonymous_5)
FNDA:0,(anonymous_6)
FNDA:0,(anonymous_7)
FNDA:0,(anonymous_8)
FNDA:0,(anonymous_9)
FNDA:0,(anonymous_10)
FNDA:0,(anonymous_11)
DA:2,0
DA:5,0
DA:8,0
DA:11,0
DA:14,0
DA:17,0
DA:18,0
DA:19,0
LF:8
LH:0
BRF:0
BRH:0
end_of_record
TN:
SF:components\ai\AIFeedback.tsx
FN:14,AIFeedback
FN:17,(anonymous_10)
FN:44,(anonymous_11)
FN:60,(anonymous_12)
FNF:4
FNH:0
FNDA:0,AIFeedback
FNDA:0,(anonymous_10)
FNDA:0,(anonymous_11)
FNDA:0,(anonymous_12)
DA:1,0
DA:2,0
DA:3,0
DA:4,0
DA:5,0
DA:6,0
DA:14,0
DA:15,0
DA:17,0
DA:18,0
DA:20,0
DA:21,0
DA:23,0
DA:24,0
DA:25,0
DA:27,0
DA:35,0
DA:37,0
DA:41,0
DA:44,0
DA:60,0
DA:82,0
LF:22
LH:0
BRDA:18,0,0,0
BRDA:18,0,1,0
BRDA:25,1,0,0
BRDA:25,1,1,0
BRDA:29,2,0,0
BRDA:29,2,1,0
BRDA:32,3,0,0
BRDA:32,3,1,0
BRDA:47,4,0,0
BRDA:47,4,1,0
BRDA:54,5,0,0
BRDA:54,5,1,0
BRDA:55,6,0,0
BRDA:55,6,1,0
BRDA:63,7,0,0
BRDA:63,7,1,0
BRDA:70,8,0,0
BRDA:70,8,1,0
BRDA:71,9,0,0
BRDA:71,9,1,0
BRDA:75,10,0,0
BRDA:75,10,1,0
BRF:22
BRH:0
end_of_record
TN:
SF:components\ai\AIUsageWarning.tsx
FN:8,AIUsageWarning
FN:12,(anonymous_10)
FN:16,(anonymous_11)
FN:50,(anonymous_12)
FN:58,(anonymous_13)
FNF:5
FNH:0
FNDA:0,AIUsageWarning
FNDA:0,(anonymous_10)
FNDA:0,(anonymous_11)
FNDA:0,(anonymous_12)
FNDA:0,(anonymous_13)
DA:1,0
DA:2,0
DA:3,0
DA:4,0
DA:5,0
DA:6,0
DA:8,0
DA:9,0
DA:10,0
DA:12,0
DA:13,0
DA:16,0
DA:17,0
DA:18,0
DA:19,0
DA:21,0
DA:25,0
DA:28,0
DA:30,0
DA:31,0
DA:32,0
DA:33,0
DA:35,0
DA:50,0
DA:58,0
DA:67,0
LF:26
LH:0
BRDA:25,0,0,0
BRDA:25,0,1,0
BRDA:25,1,0,0
BRDA:25,1,1,0
BRDA:28,2,0,0
BRDA:28,2,1,0
BRDA:31,3,0,0
BRDA:31,3,1,0
BRDA:32,4,0,0
BRDA:32,4,1,0
BRDA:33,5,0,0
BRDA:33,5,1,0
BRDA:41,6,0,0
BRDA:41,6,1,0
BRDA:47,7,0,0
BRDA:47,7,1,0
BRDA:55,8,0,0
BRDA:55,8,1,0
BRF:18
BRH:0
end_of_record
TN:
SF:components\ai\CheckinPrompt.tsx
FN:8,CheckinPrompt
FN:13,(anonymous_10)
FN:17,(anonymous_11)
FN:22,(anonymous_12)
FN:27,(anonymous_13)
FN:55,(anonymous_14)
FN:67,(anonymous_15)
FNF:7
FNH:0
FNDA:0,CheckinPrompt
FNDA:0,(anonymous_10)
FNDA:0,(anonymous_11)
FNDA:0,(anonymous_12)
FNDA:0,(anonymous_13)
FNDA:0,(anonymous_14)
FNDA:0,(anonymous_15)
DA:1,0
DA:2,0
DA:3,0
DA:4,0
DA:5,0
DA:6,0
DA:8,0
DA:9,0
DA:10,0
DA:11,0
DA:13,0
DA:14,0
DA:17,0
DA:18,0
DA:19,0
DA:22,0
DA:23,0
DA:24,0
DA:27,0
DA:28,0
DA:32,0
DA:33,0
DA:36,0
DA:55,0
DA:67,0
DA:74,0
LF:26
LH:0
BRDA:32,0,0,0
BRDA:32,0,1,0
BRDA:32,1,0,0
BRDA:32,1,1,0
BRDA:57,2,0,0
BRDA:57,2,1,0
BRF:6
BRH:0
end_of_record
TN:
SF:components\ai\DailyCheckin.tsx
FN:28,DailyCheckin
FN:38,(anonymous_10)
FN:65,(anonymous_11)
FN:70,(anonymous_12)
FN:77,(anonymous_13)
FN:85,(anonymous_14)
FNF:6
FNH:0
FNDA:0,DailyCheckin
FNDA:0,(anonymous_10)
FNDA:0,(anonymous_11)
FNDA:0,(anonymous_12)
FNDA:0,(anonymous_13)
FNDA:0,(anonymous_14)
DA:1,0
DA:2,0
DA:13,0
DA:14,0
DA:15,0
DA:23,0
DA:24,0
DA:25,0
DA:26,0
DA:28,0
DA:29,0
DA:31,0
DA:32,0
DA:33,0
DA:34,0
DA:35,0
DA:36,0
DA:38,0
DA:40,0
DA:41,0
DA:42,0
DA:45,0
DA:54,0
DA:56,0
DA:57,0
DA:58,0
DA:59,0
DA:61,0
DA:65,0
DA:66,0
DA:67,0
DA:70,0
DA:76,0
DA:78,0
DA:79,0
DA:81,0
DA:86,0
DA:87,0
DA:100,0
DA:235,0
LF:40
LH:0
BRDA:40,0,0,0
BRDA:40,0,1,0
BRDA:40,1,0,0
BRDA:40,1,1,0
BRDA:40,1,2,0
BRDA:40,1,3,0
BRDA:40,1,4,0
BRDA:46,2,0,0
BRDA:46,2,1,0
BRDA:47,3,0,0
BRDA:47,3,1,0
BRDA:48,4,0,0
BRDA:48,4,1,0
BRDA:49,5,0,0
BRDA:49,5,1,0
BRDA:50,6,0,0
BRDA:50,6,1,0
BRDA:51,7,0,0
BRDA:51,7,1,0
BRDA:56,8,0,0
BRDA:56,8,1,0
BRDA:84,9,0,0
BRDA:84,9,1,0
BRDA:91,10,0,0
BRDA:91,10,1,0
BRDA:226,11,0,0
BRDA:226,11,1,0
BRF:27
BRH:0
end_of_record
TN:
SF:components\ai\PlateauAlerts.tsx
FN:20,PlateauAlerts
FN:24,(anonymous_11)
FN:30,(anonymous_12)
FN:41,(anonymous_13)
FN:45,(anonymous_14)
FN:52,(anonymous_15)
FN:63,(anonymous_16)
FN:71,(anonymous_17)
FN:93,(anonymous_18)
FN:99,(anonymous_19)
FN:100,(anonymous_20)
FN:106,(anonymous_21)
FN:117,(anonymous_22)
FN:128,(anonymous_23)
FN:158,(anonymous_24)
FN:165,(anonymous_25)
FN:175,(anonymous_26)
FN:227,(anonymous_27)
FN:229,(anonymous_28)
FN:230,(anonymous_29)
FN:238,(anonymous_30)
FN:266,(anonymous_31)
FN:278,(anonymous_32)
FNF:23
FNH:0
FNDA:0,PlateauAlerts
FNDA:0,(anonymous_11)
FNDA:0,(anonymous_12)
FNDA:0,(anonymous_13)
FNDA:0,(anonymous_14)
FNDA:0,(anonymous_15)
FNDA:0,(anonymous_16)
FNDA:0,(anonymous_17)
FNDA:0,(anonymous_18)
FNDA:0,(anonymous_19)
FNDA:0,(anonymous_20)
FNDA:0,(anonymous_21)
FNDA:0,(anonymous_22)
FNDA:0,(anonymous_23)
FNDA:0,(anonymous_24)
FNDA:0,(anonymous_25)
FNDA:0,(anonymous_26)
FNDA:0,(anonymous_27)
FNDA:0,(anonymous_28)
FNDA:0,(anonymous_29)
FNDA:0,(anonymous_30)
FNDA:0,(anonymous_31)
FNDA:0,(anonymous_32)
DA:1,0
DA:2,0
DA:3,0
DA:12,0
DA:13,0
DA:14,0
DA:15,0
DA:16,0
DA:18,0
DA:20,0
DA:21,0
DA:24,0
DA:25,0
DA:26,0
DA:27,0
DA:30,0
DA:32,0
DA:33,0
DA:34,0
DA:37,0
DA:38,0
DA:39,0
DA:41,0
DA:42,0
DA:45,0
DA:47,0
DA:48,0
DA:52,0
DA:53,0
DA:54,0
DA:55,0
DA:56,0
DA:59,0
DA:63,0
DA:64,0
DA:65,0
DA:67,0
DA:71,0
DA:72,0
DA:73,0
DA:74,0
DA:77,0
DA:78,0
DA:79,0
DA:80,0
DA:81,0
DA:84,0
DA:86,0
DA:87,0
DA:89,0
DA:93,0
DA:94,0
DA:95,0
DA:96,0
DA:99,0
DA:100,0
DA:101,0
DA:102,0
DA:103,0
DA:106,0
DA:107,0
DA:109,0
DA:111,0
DA:113,0
DA:117,0
DA:118,0
DA:120,0
DA:122,0
DA:124,0
DA:128,0
DA:130,0
DA:131,0
DA:138,0
DA:140,0
DA:159,0
DA:165,0
DA:176,0
DA:177,0
DA:227,0
DA:229,0
DA:230,0
DA:238,0
DA:267,0
DA:279,0
DA:280,0
DA:294,0
LF:86
LH:0
BRDA:25,0,0,0
BRDA:25,0,1,0
BRDA:27,1,0,0
BRDA:27,1,1,0
BRDA:32,2,0,0
BRDA:32,2,1,0
BRDA:34,3,0,0
BRDA:34,3,1,0
BRDA:47,4,0,0
BRDA:47,4,1,0
BRDA:47,5,0,0
BRDA:47,5,1,0
BRDA:55,6,0,0
BRDA:55,6,1,0
BRDA:72,7,0,0
BRDA:72,7,1,0
BRDA:107,8,0,0
BRDA:107,8,1,0
BRDA:107,8,2,0
BRDA:118,9,0,0
BRDA:118,9,1,0
BRDA:118,9,2,0
BRDA:130,10,0,0
BRDA:130,10,1,0
BRDA:138,11,0,0
BRDA:138,11,1,0
BRDA:151,12,0,0
BRDA:151,12,1,0
BRDA:197,13,0,0
BRDA:197,13,1,0
BRDA:215,14,0,0
BRDA:215,14,1,0
BRDA:217,15,0,0
BRDA:217,15,1,0
BRDA:231,16,0,0
BRDA:231,16,1,0
BRDA:257,17,0,0
BRDA:257,17,1,0
BRDA:259,18,0,0
BRDA:259,18,1,0
BRF:40
BRH:0
end_of_record
TN:
SF:components\ai\RecoveryStatus.tsx
FN:12,RecoveryStatus
FN:16,(anonymous_10)
FN:21,(anonymous_11)
FN:33,(anonymous_12)
FN:65,(anonymous_13)
FN:72,(anonymous_14)
FN:76,(anonymous_15)
FN:92,(anonymous_16)
FN:106,(anonymous_17)
FN:122,(anonymous_18)
FN:137,(anonymous_19)
FN:158,(anonymous_20)
FN:266,(anonymous_21)
FN:305,(anonymous_22)
FNF:14
FNH:0
FNDA:0,RecoveryStatus
FNDA:0,(anonymous_10)
FNDA:0,(anonymous_11)
FNDA:0,(anonymous_12)
FNDA:0,(anonymous_13)
FNDA:0,(anonymous_14)
FNDA:0,(anonymous_15)
FNDA:0,(anonymous_16)
FNDA:0,(anonymous_17)
FNDA:0,(anonymous_18)
FNDA:0,(anonymous_19)
FNDA:0,(anonymous_20)
FNDA:0,(anonymous_21)
FNDA:0,(anonymous_22)
DA:1,0
DA:2,0
DA:3,0
DA:4,0
DA:5,0
DA:6,0
DA:7,0
DA:8,0
DA:9,0
DA:10,0
DA:12,0
DA:13,0
DA:16,0
DA:17,0
DA:18,0
DA:21,0
DA:23,0
DA:24,0
DA:25,0
DA:28,0
DA:29,0
DA:30,0
DA:31,0
DA:33,0
DA:34,0
DA:35,0
DA:36,0
DA:37,0
DA:40,0
DA:41,0
DA:42,0
DA:44,0
DA:46,0
DA:48,0
DA:49,0
DA:50,0
DA:53,0
DA:55,0
DA:56,0
DA:57,0
DA:58,0
DA:60,0
DA:61,0
DA:65,0
DA:67,0
DA:68,0
DA:72,0
DA:73,0
DA:76,0
DA:77,0
DA:78,0
DA:80,0
DA:82,0
DA:84,0
DA:86,0
DA:88,0
DA:92,0
DA:93,0
DA:94,0
DA:96,0
DA:98,0
DA:100,0
DA:102,0
DA:106,0
DA:107,0
DA:108,0
DA:110,0
DA:112,0
DA:114,0
DA:116,0
DA:118,0
DA:122,0
DA:123,0
DA:125,0
DA:127,0
DA:128,0
DA:129,0
DA:131,0
DA:134,0
DA:137,0
DA:138,0
DA:140,0
DA:142,0
DA:144,0
DA:148,0
DA:149,0
DA:153,0
DA:154,0
DA:158,0
DA:166,0
DA:168,0
DA:267,0
DA:305,0
DA:334,0
LF:94
LH:0
BRDA:17,0,0,0
BRDA:17,0,1,0
BRDA:23,1,0,0
BRDA:23,1,1,0
BRDA:25,2,0,0
BRDA:25,2,1,0
BRDA:33,3,0,0
BRDA:34,4,0,0
BRDA:34,4,1,0
BRDA:41,5,0,0
BRDA:41,5,1,0
BRDA:55,6,0,0
BRDA:55,6,1,0
BRDA:67,7,0,0
BRDA:67,7,1,0
BRDA:67,8,0,0
BRDA:67,8,1,0
BRDA:77,9,0,0
BRDA:77,9,1,0
BRDA:78,10,0,0
BRDA:78,10,1,0
BRDA:78,10,2,0
BRDA:78,10,3,0
BRDA:78,10,4,0
BRDA:93,11,0,0
BRDA:93,11,1,0
BRDA:94,12,0,0
BRDA:94,12,1,0
BRDA:94,12,2,0
BRDA:94,12,3,0
BRDA:107,13,0,0
BRDA:107,13,1,0
BRDA:108,14,0,0
BRDA:108,14,1,0
BRDA:108,14,2,0
BRDA:108,14,3,0
BRDA:108,14,4,0
BRDA:123,15,0,0
BRDA:123,15,1,0
BRDA:125,16,0,0
BRDA:125,16,1,0
BRDA:127,17,0,0
BRDA:127,17,1,0
BRDA:128,18,0,0
BRDA:128,18,1,0
BRDA:134,19,0,0
BRDA:134,19,1,0
BRDA:138,20,0,0
BRDA:138,20,1,0
BRDA:138,20,2,0
BRDA:148,21,0,0
BRDA:148,21,1,0
BRDA:153,22,0,0
BRDA:153,22,1,0
BRDA:153,23,0,0
BRDA:153,23,1,0
BRDA:166,24,0,0
BRDA:166,24,1,0
BRDA:180,25,0,0
BRDA:180,25,1,0
BRDA:181,26,0,0
BRDA:181,26,1,0
BRDA:231,27,0,0
BRDA:231,27,1,0
BRDA:231,27,2,0
BRDA:235,28,0,0
BRDA:235,28,1,0
BRDA:235,28,2,0
BRDA:238,29,0,0
BRDA:238,29,1,0
BRDA:256,30,0,0
BRDA:256,30,1,0
BRDA:262,31,0,0
BRDA:262,31,1,0
BRDA:262,31,2,0
BRDA:302,32,0,0
BRDA:302,32,1,0
BRDA:308,33,0,0
BRDA:308,33,1,0
BRDA:314,34,0,0
BRDA:314,34,1,0
BRF:81
BRH:0
end_of_record
TN:
SF:components\ai\RecoveryStatusSkeleton.tsx
FN:5,RecoveryStatusSkeleton
FNF:1
FNH:0
FNDA:0,RecoveryStatusSkeleton
DA:1,0
DA:2,0
DA:3,0
DA:5,0
DA:6,0
DA:44,0
LF:6
LH:0
BRF:0
BRH:0
end_of_record
TN:
SF:components\ai\SuggestedQuestions.tsx
FN:20,SuggestedQuestions
FN:59,(anonymous_2)
FN:64,(anonymous_3)
FNF:3
FNH:0
FNDA:0,SuggestedQuestions
FNDA:0,(anonymous_2)
FNDA:0,(anonymous_3)
DA:1,0
DA:2,0
DA:3,0
DA:14,0
DA:20,0
DA:29,0
DA:31,0
DA:32,0
DA:34,0
DA:35,0
DA:37,0
DA:38,0
DA:40,0
DA:41,0
DA:43,0
DA:44,0
DA:47,0
DA:49,0
DA:60,0
DA:61,0
DA:64,0
DA:77,0
LF:22
LH:0
BRDA:31,0,0,0
BRDA:31,0,1,0
BRDA:34,1,0,0
BRDA:34,1,1,0
BRDA:37,2,0,0
BRDA:37,2,1,0
BRDA:40,3,0,0
BRDA:40,3,1,0
BRDA:43,4,0,0
BRDA:43,4,1,0
BRF:10
BRH:0
end_of_record
TN:
SF:components\ai\WeightRecommendation.tsx
FN:17,WeightRecommendation
FN:30,(anonymous_10)
FN:50,(anonymous_11)
FN:66,(anonymous_12)
FN:70,(anonymous_13)
FN:81,(anonymous_14)
FN:110,(anonymous_15)
FN:136,WeightRecommendationBadge
FN:147,(anonymous_17)
FN:148,fetch
FN:185,(anonymous_19)
FNF:11
FNH:0
FNDA:0,WeightRecommendation
FNDA:0,(anonymous_10)
FNDA:0,(anonymous_11)
FNDA:0,(anonymous_12)
FNDA:0,(anonymous_13)
FNDA:0,(anonymous_14)
FNDA:0,(anonymous_15)
FNDA:0,WeightRecommendationBadge
FNDA:0,(anonymous_17)
FNDA:0,fetch
FNDA:0,(anonymous_19)
DA:1,0
DA:2,0
DA:3,0
DA:4,0
DA:5,0
DA:6,0
DA:17,0
DA:25,0
DA:26,0
DA:27,0
DA:28,0
DA:30,0
DA:31,0
DA:33,0
DA:34,0
DA:35,0
DA:42,0
DA:44,0
DA:46,0
DA:50,0
DA:51,0
DA:54,0
DA:55,0
DA:62,0
DA:63,0
DA:66,0
DA:67,0
DA:70,0
DA:71,0
DA:73,0
DA:75,0
DA:77,0
DA:81,0
DA:82,0
DA:84,0
DA:86,0
DA:88,0
DA:92,0
DA:93,0
DA:106,0
DA:110,0
DA:136,0
DA:143,0
DA:144,0
DA:145,0
DA:147,0
DA:149,0
DA:151,0
DA:152,0
DA:153,0
DA:160,0
DA:162,0
DA:164,0
DA:167,0
DA:170,0
DA:171,0
DA:178,0
DA:179,0
DA:182,0
DA:185,0
DA:195,0
LF:61
LH:0
BRDA:23,0,0,0
BRDA:31,1,0,0
BRDA:31,1,1,0
BRDA:54,2,0,0
BRDA:54,2,1,0
BRDA:56,3,0,0
BRDA:56,3,1,0
BRDA:62,4,0,0
BRDA:62,4,1,0
BRDA:62,5,0,0
BRDA:62,5,1,0
BRDA:71,6,0,0
BRDA:71,6,1,0
BRDA:71,6,2,0
BRDA:82,7,0,0
BRDA:82,7,1,0
BRDA:82,7,2,0
BRDA:92,8,0,0
BRDA:92,8,1,0
BRDA:123,9,0,0
BRDA:123,9,1,0
BRDA:149,10,0,0
BRDA:149,10,1,0
BRDA:170,11,0,0
BRDA:170,11,1,0
BRDA:178,12,0,0
BRDA:178,12,1,0
BRDA:178,13,0,0
BRDA:178,13,1,0
BRF:29
BRH:0
end_of_record
TN:
SF:components\ai\WeightSuggestion.tsx
FN:27,WeightSuggestion
FN:41,(anonymous_10)
FN:44,loadSuggestion
FN:77,(anonymous_12)
FN:91,(anonymous_13)
FN:104,(anonymous_14)
FN:117,(anonymous_15)
FN:129,(anonymous_16)
FNF:8
FNH:0
FNDA:0,WeightSuggestion
FNDA:0,(anonymous_10)
FNDA:0,loadSuggestion
FNDA:0,(anonymous_12)
FNDA:0,(anonymous_13)
FNDA:0,(anonymous_14)
FNDA:0,(anonymous_15)
FNDA:0,(anonymous_16)
DA:1,0
DA:2,0
DA:3,0
DA:4,0
DA:5,0
DA:6,0
DA:27,0
DA:37,0
DA:38,0
DA:39,0
DA:41,0
DA:42,0
DA:45,0
DA:46,0
DA:47,0
DA:54,0
DA:56,0
DA:57,0
DA:65,0
DA:68,0
DA:69,0
DA:70,0
DA:75,0
DA:77,0
DA:80,0
DA:81,0
DA:89,0
DA:91,0
DA:92,0
DA:94,0
DA:96,0
DA:98,0
DA:100,0
DA:104,0
DA:105,0
DA:107,0
DA:109,0
DA:111,0
DA:113,0
DA:117,0
DA:118,0
DA:119,0
DA:120,0
DA:121,0
DA:122,0
DA:125,0
DA:129,0
DA:130,0
DA:131,0
DA:134,0
DA:135,0
DA:137,0
DA:141,0
DA:172,0
LF:54
LH:0
BRDA:34,0,0,0
BRDA:54,1,0,0
BRDA:54,1,1,0
BRDA:56,2,0,0
BRDA:56,2,1,0
BRDA:56,3,0,0
BRDA:56,3,1,0
BRDA:58,4,0,0
BRDA:58,4,1,0
BRDA:69,5,0,0
BRDA:69,5,1,0
BRDA:80,6,0,0
BRDA:80,6,1,0
BRDA:89,7,0,0
BRDA:89,7,1,0
BRDA:89,8,0,0
BRDA:89,8,1,0
BRDA:92,9,0,0
BRDA:92,9,1,0
BRDA:92,9,2,0
BRDA:92,9,3,0
BRDA:105,10,0,0
BRDA:105,10,1,0
BRDA:105,10,2,0
BRDA:105,10,3,0
BRDA:119,11,0,0
BRDA:119,11,1,0
BRDA:119,12,0,0
BRDA:119,12,1,0
BRDA:121,13,0,0
BRDA:121,13,1,0
BRDA:122,14,0,0
BRDA:122,14,1,0
BRDA:135,15,0,0
BRDA:135,15,1,0
BRDA:137,16,0,0
BRDA:137,16,1,0
BRDA:138,17,0,0
BRDA:138,17,1,0
BRDA:139,18,0,0
BRDA:139,18,1,0
BRDA:144,19,0,0
BRDA:144,19,1,0
BRDA:145,20,0,0
BRDA:145,20,1,0
BRDA:146,21,0,0
BRDA:146,21,1,0
BRF:47
BRH:0
end_of_record
TN:
SF:components\ai\WorkoutAnalysis.tsx
FN:32,WorkoutAnalysis
FN:39,(anonymous_10)
FN:62,(anonymous_11)
FN:66,(anonymous_12)
FN:87,(anonymous_13)
FN:97,(anonymous_14)
FN:110,(anonymous_15)
FN:180,(anonymous_16)
FN:199,(anonymous_17)
FN:227,(anonymous_18)
FNF:10
FNH:0
FNDA:0,WorkoutAnalysis
FNDA:0,(anonymous_10)
FNDA:0,(anonymous_11)
FNDA:0,(anonymous_12)
FNDA:0,(anonymous_13)
FNDA:0,(anonymous_14)
FNDA:0,(anonymous_15)
FNDA:0,(anonymous_16)
FNDA:0,(anonymous_17)
FNDA:0,(anonymous_18)
DA:1,0
DA:2,0
DA:3,0
DA:11,0
DA:24,0
DA:25,0
DA:26,0
DA:32,0
DA:33,0
DA:34,0
DA:35,0
DA:36,0
DA:37,0
DA:39,0
DA:40,0
DA:42,0
DA:43,0
DA:44,0
DA:46,0
DA:48,0
DA:50,0
DA:51,0
DA:53,0
DA:54,0
DA:55,0
DA:57,0
DA:58,0
DA:62,0
DA:63,0
DA:66,0
DA:67,0
DA:70,0
DA:71,0
DA:82,0
DA:83,0
DA:87,0
DA:95,0
DA:97,0
DA:98,0
DA:100,0
DA:102,0
DA:104,0
DA:106,0
DA:110,0
DA:111,0
DA:113,0
DA:115,0
DA:117,0
DA:121,0
DA:181,0
DA:200,0
DA:228,0
DA:266,0
LF:53
LH:0
BRDA:39,0,0,0
BRDA:40,1,0,0
BRDA:40,1,1,0
BRDA:43,2,0,0
BRDA:43,2,1,0
BRDA:53,3,0,0
BRDA:53,3,1,0
BRDA:70,4,0,0
BRDA:70,4,1,0
BRDA:82,5,0,0
BRDA:82,5,1,0
BRDA:82,6,0,0
BRDA:82,6,1,0
BRDA:95,7,0,0
BRDA:95,7,1,0
BRDA:98,8,0,0
BRDA:98,8,1,0
BRDA:98,8,2,0
BRDA:98,8,3,0
BRDA:111,9,0,0
BRDA:111,9,1,0
BRDA:111,9,2,0
BRDA:143,10,0,0
BRDA:143,10,1,0
BRDA:145,11,0,0
BRDA:145,11,1,0
BRDA:147,12,0,0
BRDA:147,12,1,0
BRDA:158,13,0,0
BRDA:158,13,1,0
BRDA:162,14,0,0
BRDA:162,14,1,0
BRDA:162,14,2,0
BRDA:168,15,0,0
BRDA:168,15,1,0
BRDA:174,16,0,0
BRDA:174,16,1,0
BRDA:193,17,0,0
BRDA:193,17,1,0
BRDA:223,18,0,0
BRDA:223,18,1,0
BRDA:245,19,0,0
BRDA:245,19,1,0
BRDA:246,20,0,0
BRDA:246,20,1,0
BRDA:248,21,0,0
BRDA:248,21,1,0
BRDA:249,22,0,0
BRDA:249,22,1,0
BRF:49
BRH:0
end_of_record
TN:
SF:components\ai\WorkoutSuggestion.tsx
FN:46,WorkoutSuggestion
FN:59,(anonymous_10)
FN:102,(anonymous_11)
FN:116,(anonymous_12)
FN:120,(anonymous_13)
FN:126,(anonymous_14)
FN:141,(anonymous_15)
FN:144,(anonymous_16)
FN:145,(anonymous_17)
FN:146,(anonymous_18)
FN:174,(anonymous_19)
FN:188,(anonymous_20)
FN:230,(anonymous_21)
FN:260,(anonymous_22)
FN:275,(anonymous_23)
FN:313,getRecoveryColor
FNF:16
FNH:0
FNDA:0,WorkoutSuggestion
FNDA:0,(anonymous_10)
FNDA:0,(anonymous_11)
FNDA:0,(anonymous_12)
FNDA:0,(anonymous_13)
FNDA:0,(anonymous_14)
FNDA:0,(anonymous_15)
FNDA:0,(anonymous_16)
FNDA:0,(anonymous_17)
FNDA:0,(anonymous_18)
FNDA:0,(anonymous_19)
FNDA:0,(anonymous_20)
FNDA:0,(anonymous_21)
FNDA:0,(anonymous_22)
FNDA:0,(anonymous_23)
FNDA:0,getRecoveryColor
DA:1,0
DA:2,0
DA:3,0
DA:11,0
DA:12,0
DA:13,0
DA:14,0
DA:15,0
DA:16,0
DA:17,0
DA:18,0
DA:21,0
DA:46,0
DA:47,0
DA:48,0
DA:50,0
DA:51,0
DA:52,0
DA:53,0
DA:54,0
DA:55,0
DA:56,0
DA:59,0
DA:60,0
DA:62,0
DA:63,0
DA:66,0
DA:69,0
DA:70,0
DA:72,0
DA:73,0
DA:76,0
DA:79,0
DA:80,0
DA:81,0
DA:82,0
DA:83,0
DA:85,0
DA:86,0
DA:88,0
DA:89,0
DA:92,0
DA:94,0
DA:95,0
DA:97,0
DA:102,0
DA:103,0
DA:105,0
DA:106,0
DA:107,0
DA:108,0
DA:110,0
DA:112,0
DA:116,0
DA:117,0
DA:120,0
DA:121,0
DA:122,0
DA:126,0
DA:127,0
DA:128,0
DA:131,0
DA:133,0
DA:134,0
DA:137,0
DA:138,0
DA:141,0
DA:142,0
DA:144,0
DA:145,0
DA:146,0
DA:150,0
DA:175,0
DA:176,0
DA:177,0
DA:178,0
DA:180,0
DA:188,0
DA:231,0
DA:261,0
DA:262,0
DA:276,0
DA:314,0
DA:315,0
DA:316,0
DA:317,0
DA:320,0
LF:87
LH:0
BRDA:60,0,0,0
BRDA:60,0,1,0
BRDA:69,1,0,0
BRDA:69,1,1,0
BRDA:80,2,0,0
BRDA:80,2,1,0
BRDA:80,3,0,0
BRDA:80,3,1,0
BRDA:80,3,2,0
BRDA:83,4,0,0
BRDA:83,4,1,0
BRDA:103,5,0,0
BRDA:103,5,1,0
BRDA:121,6,0,0
BRDA:121,6,1,0
BRDA:131,7,0,0
BRDA:131,7,1,0
BRDA:133,8,0,0
BRDA:133,8,1,0
BRDA:137,9,0,0
BRDA:137,9,1,0
BRDA:142,10,0,0
BRDA:142,10,1,0
BRDA:142,11,0,0
BRDA:142,11,1,0
BRDA:164,12,0,0
BRDA:164,12,1,0
BRDA:177,13,0,0
BRDA:177,13,1,0
BRDA:178,14,0,0
BRDA:178,14,1,0
BRDA:185,15,0,0
BRDA:185,15,1,0
BRDA:186,16,0,0
BRDA:186,16,1,0
BRDA:186,16,2,0
BRDA:190,17,0,0
BRDA:190,17,1,0
BRDA:190,17,2,0
BRDA:195,18,0,0
BRDA:195,18,1,0
BRDA:203,19,0,0
BRDA:203,19,1,0
BRDA:214,20,0,0
BRDA:214,20,1,0
BRDA:224,21,0,0
BRDA:224,21,1,0
BRDA:228,22,0,0
BRDA:228,22,1,0
BRDA:239,23,0,0
BRDA:239,23,1,0
BRDA:239,23,2,0
BRDA:256,24,0,0
BRDA:256,24,1,0
BRDA:256,24,2,0
BRDA:266,25,0,0
BRDA:266,25,1,0
BRDA:273,26,0,0
BRDA:273,26,1,0
BRDA:290,27,0,0
BRDA:290,27,1,0
BRDA:302,28,0,0
BRDA:302,28,1,0
BRDA:314,29,0,0
BRDA:314,29,1,0
BRDA:315,30,0,0
BRDA:315,30,1,0
BRDA:316,31,0,0
BRDA:316,31,1,0
BRF:69
BRH:0
end_of_record
TN:
SF:components\ai\WorkoutSuggestionSkeleton.tsx
FN:5,WorkoutSuggestionSkeleton
FN:23,(anonymous_2)
FNF:2
FNH:0
FNDA:0,WorkoutSuggestionSkeleton
FNDA:0,(anonymous_2)
DA:1,0
DA:2,0
DA:3,0
DA:5,0
DA:6,0
DA:24,0
DA:37,0
LF:7
LH:0
BRF:0
BRH:0
end_of_record
TN:
SF:components\ai\index.ts
FN:1,(anonymous_0)
FN:2,(anonymous_1)
FN:4,(anonymous_2)
FN:4,(anonymous_3)
FN:5,(anonymous_4)
FN:6,(anonymous_5)
FN:7,(anonymous_6)
FN:8,(anonymous_7)
FN:9,(anonymous_8)
FN:10,(anonymous_9)
FN:11,(anonymous_10)
FN:12,(anonymous_11)
FN:13,(anonymous_12)
FN:14,(anonymous_13)
FN:15,(anonymous_14)
FN:16,(anonymous_15)
FNF:16
FNH:0
FNDA:0,(anonymous_0)
FNDA:0,(anonymous_1)
FNDA:0,(anonymous_2)
FNDA:0,(anonymous_3)
FNDA:0,(anonymous_4)
FNDA:0,(anonymous_5)
FNDA:0,(anonymous_6)
FNDA:0,(anonymous_7)
FNDA:0,(anonymous_8)
FNDA:0,(anonymous_9)
FNDA:0,(anonymous_10)
FNDA:0,(anonymous_11)
FNDA:0,(anonymous_12)
FNDA:0,(anonymous_13)
FNDA:0,(anonymous_14)
FNDA:0,(anonymous_15)
DA:1,0
DA:2,0
DA:4,0
DA:5,0
DA:6,0
DA:7,0
DA:8,0
DA:9,0
DA:10,0
DA:11,0
DA:12,0
DA:13,0
DA:14,0
DA:15,0
DA:16,0
LF:15
LH:0
BRF:0
BRH:0
end_of_record
TN:
SF:components\body\ComparisonSlider.tsx
FN:41,(anonymous_9)
FN:43,(anonymous_10)
FN:44,(anonymous_11)
FN:45,(anonymous_12)
FN:46,(anonymous_13)
FN:77,(anonymous_14)
FNF:6
FNH:0
FNDA:0,(anonymous_9)
FNDA:0,(anonymous_10)
FNDA:0,(anonymous_11)
FNDA:0,(anonymous_12)
FNDA:0,(anonymous_13)
FNDA:0,(anonymous_14)
DA:1,0
DA:2,0
DA:10,0
DA:26,0
DA:27,0
DA:28,0
DA:41,0
DA:42,0
DA:43,0
DA:44,0
DA:48,0
DA:50,0
DA:51,0
DA:55,0
DA:57,0
DA:77,0
DA:82,0
DA:83,0
DA:86,0
DA:88,0
DA:90,0
DA:135,0
DA:234,0
LF:23
LH:0
BRDA:80,0,0,0
BRF:1
BRH:0
end_of_record
TN:
SF:components\body\MeasurementInput.tsx
FN:20,(anonymous_9)
FN:36,(anonymous_10)
FN:41,(anonymous_11)
FN:47,(anonymous_12)
FN:65,(anonymous_13)
FN:66,(anonymous_14)
FNF:6
FNH:0
FNDA:0,(anonymous_9)
FNDA:0,(anonymous_10)
FNDA:0,(anonymous_11)
FNDA:0,(anonymous_12)
FNDA:0,(anonymous_13)
FNDA:0,(anonymous_14)
DA:1,0
DA:2,0
DA:8,0
DA:20,0
DA:29,0
DA:32,0
DA:33,0
DA:34,0
DA:36,0
DA:37,0
DA:38,0
DA:41,0
DA:42,0
DA:43,0
DA:44,0
DA:47,0
DA:48,0
DA:49,0
DA:50,0
DA:53,0
DA:65,0
DA:66,0
DA:96,0
DA:162,0
LF:24
LH:0
BRDA:26,0,0,0
BRDA:27,1,0,0
BRDA:32,2,0,0
BRDA:32,2,1,0
BRDA:33,3,0,0
BRDA:33,3,1,0
BRDA:33,3,2,0
BRDA:34,4,0,0
BRDA:34,4,1,0
BRDA:37,5,0,0
BRDA:37,5,1,0
BRDA:38,6,0,0
BRDA:38,6,1,0
BRDA:42,7,0,0
BRDA:42,7,1,0
BRDA:43,8,0,0
BRDA:43,8,1,0
BRDA:48,9,0,0
BRDA:48,9,1,0
BRDA:49,10,0,0
BRDA:49,10,1,0
BRDA:57,11,0,0
BRDA:57,11,1,0
BRDA:69,12,0,0
BRDA:69,12,1,0
BRDA:74,13,0,0
BRDA:74,13,1,0
BRDA:74,14,0,0
BRDA:74,14,1,0
BRDA:77,15,0,0
BRDA:77,15,1,0
BRDA:79,16,0,0
BRDA:79,16,1,0
BRDA:79,16,2,0
BRF:34
BRH:0
end_of_record
TN:
SF:components\body\PhotoGrid.tsx
FN:46,groupPhotosByMonth
FN:58,(anonymous_10)
FN:59,(anonymous_11)
FN:75,(anonymous_12)
FN:116,(anonymous_13)
FN:135,(anonymous_14)
FN:143,(anonymous_15)
FN:158,(anonymous_16)
FN:168,(anonymous_17)
FN:181,(anonymous_18)
FN:182,(anonymous_19)
FNF:11
FNH:0
FNDA:0,groupPhotosByMonth
FNDA:0,(anonymous_10)
FNDA:0,(anonymous_11)
FNDA:0,(anonymous_12)
FNDA:0,(anonymous_13)
FNDA:0,(anonymous_14)
FNDA:0,(anonymous_15)
FNDA:0,(anonymous_16)
FNDA:0,(anonymous_17)
FNDA:0,(anonymous_18)
FNDA:0,(anonymous_19)
DA:1,0
DA:2,0
DA:12,0
DA:14,0
DA:37,0
DA:38,0
DA:39,0
DA:40,0
DA:47,0
DA:49,0
DA:50,0
DA:51,0
DA:52,0
DA:53,0
DA:54,0
DA:57,0
DA:58,0
DA:59,0
DA:75,0
DA:76,0
DA:77,0
DA:79,0
DA:104,0
DA:116,0
DA:118,0
DA:119,0
DA:120,0
DA:121,0
DA:122,0
DA:126,0
DA:136,0
DA:137,0
DA:139,0
DA:143,0
DA:152,0
DA:158,0
DA:164,0
DA:167,0
DA:168,0
DA:169,0
DA:170,0
DA:171,0
DA:174,0
DA:175,0
DA:178,0
DA:181,0
DA:183,0
DA:209,0
DA:296,0
LF:49
LH:0
BRDA:52,0,0,0
BRDA:52,0,1,0
BRDA:97,1,0,0
BRDA:97,1,1,0
BRDA:120,2,0,0
BRDA:120,2,1,0
BRDA:131,3,0,0
BRDA:131,3,1,0
BRDA:136,4,0,0
BRDA:136,4,1,0
BRDA:161,5,0,0
BRDA:174,6,0,0
BRDA:174,6,1,0
BRDA:192,7,0,0
BRDA:192,7,1,0
BRF:15
BRH:0
end_of_record
TN:
SF:components\body\PhotoViewer.tsx
FN:50,(anonymous_9)
FN:62,(anonymous_10)
FN:72,(anonymous_11)
FN:81,(anonymous_12)
FN:91,(anonymous_13)
FN:101,(anonymous_14)
FN:111,(anonymous_15)
FN:121,(anonymous_16)
FN:136,(anonymous_17)
FN:147,(anonymous_18)
FN:165,(anonymous_19)
FN:171,(anonymous_20)
FN:223,(anonymous_21)
FN:228,(anonymous_22)
FNF:14
FNH:0
FNDA:0,(anonymous_9)
FNDA:0,(anonymous_10)
FNDA:0,(anonymous_11)
FNDA:0,(anonymous_12)
FNDA:0,(anonymous_13)
FNDA:0,(anonymous_14)
FNDA:0,(anonymous_15)
FNDA:0,(anonymous_16)
FNDA:0,(anonymous_17)
FNDA:0,(anonymous_18)
FNDA:0,(anonymous_19)
FNDA:0,(anonymous_20)
FNDA:0,(anonymous_21)
FNDA:0,(anonymous_22)
DA:1,0
DA:2,0
DA:3,0
DA:16,0
DA:17,0
DA:24,0
DA:26,0
DA:44,0
DA:50,0
DA:57,0
DA:58,0
DA:59,0
DA:62,0
DA:63,0
DA:64,0
DA:67,0
DA:68,0
DA:72,0
DA:73,0
DA:77,0
DA:81,0
DA:82,0
DA:83,0
DA:88,0
DA:91,0
DA:92,0
DA:93,0
DA:94,0
DA:95,0
DA:96,0
DA:101,0
DA:102,0
DA:103,0
DA:104,0
DA:105,0
DA:106,0
DA:111,0
DA:112,0
DA:113,0
DA:114,0
DA:115,0
DA:116,0
DA:121,0
DA:122,0
DA:124,0
DA:125,0
DA:126,0
DA:131,0
DA:136,0
DA:137,0
DA:139,0
DA:148,0
DA:149,0
DA:152,0
DA:153,0
DA:154,0
DA:156,0
DA:165,0
DA:166,0
DA:167,0
DA:171,0
DA:172,0
DA:181,0
DA:183,0
DA:223,0
DA:228,0
DA:274,0
DA:386,0
LF:68
LH:0
BRDA:63,0,0,0
BRDA:63,0,1,0
BRDA:67,1,0,0
BRDA:67,1,1,0
BRDA:82,2,0,0
BRDA:82,2,1,0
BRDA:94,3,0,0
BRDA:94,3,1,0
BRDA:94,4,0,0
BRDA:94,4,1,0
BRDA:94,4,2,0
BRDA:102,5,0,0
BRDA:102,5,1,0
BRDA:112,6,0,0
BRDA:112,6,1,0
BRDA:122,7,0,0
BRDA:122,7,1,0
BRDA:137,8,0,0
BRDA:137,8,1,0
BRDA:152,9,0,0
BRDA:152,9,1,0
BRDA:154,10,0,0
BRDA:154,10,1,0
BRDA:181,11,0,0
BRDA:181,11,1,0
BRDA:237,12,0,0
BRDA:237,12,1,0
BRDA:245,13,0,0
BRDA:245,13,1,0
BRDA:259,14,0,0
BRDA:259,14,1,0
BRF:31
BRH:0
end_of_record
TN:
SF:components\exercise\index.ts
FN:1,(anonymous_0)
FNF:1
FNH:0
FNDA:0,(anonymous_0)
DA:1,0
LF:1
LH:0
BRF:0
BRH:0
end_of_record
TN:
SF:components\health\MeasurementSyncStatus.tsx
FN:10,MeasurementSyncStatus
FN:14,(anonymous_2)
FN:25,(anonymous_3)
FN:57,MeasurementSyncInfo
FN:71,(anonymous_5)
FN:86,(anonymous_6)
FNF:6
FNH:0
FNDA:0,MeasurementSyncStatus
FNDA:0,(anonymous_2)
FNDA:0,(anonymous_3)
FNDA:0,MeasurementSyncInfo
FNDA:0,(anonymous_5)
FNDA:0,(anonymous_6)
DA:1,0
DA:2,0
DA:3,0
DA:4,0
DA:10,0
DA:11,0
DA:12,0
DA:14,0
DA:16,0
DA:18,0
DA:26,0
DA:57,0
DA:58,0
DA:59,0
DA:60,0
DA:62,0
DA:72,0
DA:87,0
DA:100,0
LF:19
LH:0
BRDA:10,0,0,0
BRDA:12,1,0,0
BRDA:12,1,1,0
BRDA:14,2,0,0
BRDA:14,2,1,0
BRDA:16,3,0,0
BRDA:16,3,1,0
BRDA:27,4,0,0
BRDA:27,4,1,0
BRDA:34,5,0,0
BRDA:34,5,1,0
BRDA:37,6,0,0
BRDA:37,6,1,0
BRDA:45,7,0,0
BRDA:45,7,1,0
BRDA:60,8,0,0
BRDA:60,8,1,0
BRF:17
BRH:0
end_of_record
TN:
SF:components\health\SleepSummary.tsx
FN:19,SleepSummary
FN:24,(anonymous_10)
FN:32,(anonymous_11)
FN:167,SleepStageBar
FN:181,WeeklySleep
FN:185,(anonymous_14)
FN:186,fetchWeeklySleep
FN:242,(anonymous_16)
FN:270,SleepDayBar
FN:294,RecoveryRecommendation
FN:298,(anonymous_19)
FN:299,fetchRecommendation
FN:321,(anonymous_21)
FNF:13
FNH:0
FNDA:0,SleepSummary
FNDA:0,(anonymous_10)
FNDA:0,(anonymous_11)
FNDA:0,SleepStageBar
FNDA:0,WeeklySleep
FNDA:0,(anonymous_14)
FNDA:0,fetchWeeklySleep
FNDA:0,(anonymous_16)
FNDA:0,SleepDayBar
FNDA:0,RecoveryRecommendation
FNDA:0,(anonymous_19)
FNDA:0,fetchRecommendation
FNDA:0,(anonymous_21)
DA:1,0
DA:2,0
DA:10,0
DA:11,0
DA:19,0
DA:20,0
DA:21,0
DA:22,0
DA:24,0
DA:25,0
DA:26,0
DA:27,0
DA:28,0
DA:29,0
DA:32,0
DA:33,0
DA:36,0
DA:37,0
DA:44,0
DA:45,0
DA:57,0
DA:58,0
DA:59,0
DA:60,0
DA:62,0
DA:63,0
DA:80,0
DA:168,0
DA:170,0
DA:181,0
DA:182,0
DA:183,0
DA:185,0
DA:187,0
DA:188,0
DA:189,0
DA:190,0
DA:193,0
DA:196,0
DA:197,0
DA:204,0
DA:205,0
DA:212,0
DA:213,0
DA:215,0
DA:243,0
DA:244,0
DA:246,0
DA:271,0
DA:272,0
DA:273,0
DA:275,0
DA:277,0
DA:294,0
DA:295,0
DA:296,0
DA:298,0
DA:300,0
DA:301,0
DA:302,0
DA:303,0
DA:306,0
DA:309,0
DA:310,0
DA:317,0
DA:318,0
DA:321,0
DA:322,0
DA:324,0
DA:326,0
DA:328,0
DA:330,0
DA:332,0
DA:336,0
DA:338,0
DA:363,0
LF:76
LH:0
BRDA:19,0,0,0
BRDA:36,1,0,0
BRDA:36,1,1,0
BRDA:38,2,0,0
BRDA:38,2,1,0
BRDA:44,3,0,0
BRDA:44,3,1,0
BRDA:47,4,0,0
BRDA:47,4,1,0
BRDA:51,5,0,0
BRDA:51,5,1,0
BRDA:62,6,0,0
BRDA:62,6,1,0
BRDA:85,7,0,0
BRDA:85,7,1,0
BRDA:120,8,0,0
BRDA:120,8,1,0
BRDA:124,9,0,0
BRDA:124,9,1,0
BRDA:130,10,0,0
BRDA:130,10,1,0
BRDA:136,11,0,0
BRDA:136,11,1,0
BRDA:140,12,0,0
BRDA:140,12,1,0
BRDA:140,13,0,0
BRDA:140,13,1,0
BRDA:151,14,0,0
BRDA:151,14,1,0
BRDA:196,15,0,0
BRDA:196,15,1,0
BRDA:204,16,0,0
BRDA:204,16,1,0
BRDA:204,17,0,0
BRDA:204,17,1,0
BRDA:279,18,0,0
BRDA:279,18,1,0
BRDA:285,19,0,0
BRDA:285,19,1,0
BRDA:309,20,0,0
BRDA:309,20,1,0
BRDA:317,21,0,0
BRDA:317,21,1,0
BRDA:322,22,0,0
BRDA:322,22,1,0
BRDA:322,22,2,0
BRDA:322,22,3,0
BRDA:322,22,4,0
BRDA:354,23,0,0
BRDA:354,23,1,0
BRF:50
BRH:0
end_of_record
TN:
SF:components\health\StepCounter.tsx
FN:14,StepCounter
FN:19,(anonymous_10)
FN:27,(anonymous_11)
FN:110,WeeklySteps
FN:114,(anonymous_13)
FN:115,fetchWeeklySteps
FN:168,(anonymous_15)
FN:189,DayBar
FNF:8
FNH:0
FNDA:0,StepCounter
FNDA:0,(anonymous_10)
FNDA:0,(anonymous_11)
FNDA:0,WeeklySteps
FNDA:0,(anonymous_13)
FNDA:0,fetchWeeklySteps
FNDA:0,(anonymous_15)
FNDA:0,DayBar
DA:1,0
DA:2,0
DA:3,0
DA:4,0
DA:14,0
DA:15,0
DA:16,0
DA:17,0
DA:19,0
DA:20,0
DA:21,0
DA:22,0
DA:23,0
DA:24,0
DA:27,0
DA:28,0
DA:31,0
DA:32,0
DA:34,0
DA:35,0
DA:51,0
DA:110,0
DA:111,0
DA:112,0
DA:114,0
DA:116,0
DA:117,0
DA:118,0
DA:119,0
DA:122,0
DA:125,0
DA:126,0
DA:133,0
DA:134,0
DA:141,0
DA:169,0
DA:190,0
DA:191,0
DA:193,0
DA:195,0
DA:213,0
LF:41
LH:0
BRDA:14,0,0,0
BRDA:14,1,0,0
BRDA:14,2,0,0
BRDA:31,3,0,0
BRDA:31,3,1,0
BRDA:31,4,0,0
BRDA:31,4,1,0
BRDA:32,5,0,0
BRDA:32,5,1,0
BRDA:32,5,2,0
BRDA:34,6,0,0
BRDA:34,6,1,0
BRDA:41,7,0,0
BRDA:41,7,1,0
BRDA:42,8,0,0
BRDA:42,8,1,0
BRDA:45,9,0,0
BRDA:45,9,1,0
BRDA:56,10,0,0
BRDA:56,10,1,0
BRDA:59,11,0,0
BRDA:59,11,1,0
BRDA:66,12,0,0
BRDA:66,12,1,0
BRDA:73,13,0,0
BRDA:73,13,1,0
BRDA:77,14,0,0
BRDA:77,14,1,0
BRDA:77,14,2,0
BRDA:89,15,0,0
BRDA:89,15,1,0
BRDA:89,16,0,0
BRDA:89,16,1,0
BRDA:95,17,0,0
BRDA:95,17,1,0
BRDA:110,18,0,0
BRDA:125,19,0,0
BRDA:125,19,1,0
BRDA:133,20,0,0
BRDA:133,20,1,0
BRDA:158,21,0,0
BRDA:158,21,1,0
BRDA:190,22,0,0
BRDA:190,22,1,0
BRDA:197,23,0,0
BRDA:197,23,1,0
BRDA:203,24,0,0
BRDA:203,24,1,0
BRDA:204,25,0,0
BRDA:204,25,1,0
BRF:50
BRH:0
end_of_record
TN:
SF:components\health\WorkoutHeartRate.tsx
FN:15,WorkoutHeartRate
FN:89,StatItem
FN:104,HeartRateZoneIndicator
FN:125,HeartRateBadge
FN:152,HeartRateInline
FNF:5
FNH:0
FNDA:0,WorkoutHeartRate
FNDA:0,StatItem
FNDA:0,HeartRateZoneIndicator
FNDA:0,HeartRateBadge
FNDA:0,HeartRateInline
DA:1,0
DA:2,0
DA:3,0
DA:4,0
DA:15,0
DA:16,0
DA:21,0
DA:22,0
DA:30,0
DA:31,0
DA:39,0
DA:40,0
DA:51,0
DA:90,0
DA:105,0
DA:107,0
DA:109,0
DA:125,0
DA:126,0
DA:127,0
DA:134,0
DA:135,0
DA:138,0
DA:152,0
DA:153,0
DA:171,0
LF:26
LH:0
BRDA:18,0,0,0
BRDA:18,0,1,0
BRDA:21,1,0,0
BRDA:21,1,1,0
BRDA:30,2,0,0
BRDA:30,2,1,0
BRDA:39,3,0,0
BRDA:39,3,1,0
BRDA:64,4,0,0
BRDA:64,4,1,0
BRDA:71,5,0,0
BRDA:71,5,1,0
BRDA:76,6,0,0
BRDA:76,6,1,0
BRDA:91,7,0,0
BRDA:91,7,1,0
BRDA:92,8,0,0
BRDA:92,8,1,0
BRDA:107,9,0,0
BRDA:107,9,1,0
BRDA:126,10,0,0
BRDA:126,10,1,0
BRDA:134,11,0,0
BRDA:134,11,1,0
BRDA:160,12,0,0
BRDA:160,12,1,0
BRDA:160,12,2,0
BRF:27
BRH:0
end_of_record
TN:
SF:components\home\QuickWeightLog.tsx
FN:21,(anonymous_9)
FN:33,(anonymous_10)
FN:34,(anonymous_11)
FN:42,(anonymous_12)
FN:60,(anonymous_13)
FN:65,(anonymous_14)
FN:73,(anonymous_15)
FN:92,(anonymous_16)
FN:125,(anonymous_17)
FN:148,(anonymous_18)
FNF:10
FNH:0
FNDA:0,(anonymous_9)
FNDA:0,(anonymous_10)
FNDA:0,(anonymous_11)
FNDA:0,(anonymous_12)
FNDA:0,(anonymous_13)
FNDA:0,(anonymous_14)
FNDA:0,(anonymous_15)
FNDA:0,(anonymous_16)
FNDA:0,(anonymous_17)
FNDA:0,(anonymous_18)
DA:1,0
DA:2,0
DA:3,0
DA:11,0
DA:12,0
DA:13,0
DA:14,0
DA:21,0
DA:25,0
DA:26,0
DA:27,0
DA:28,0
DA:29,0
DA:30,0
DA:33,0
DA:34,0
DA:35,0
DA:36,0
DA:42,0
DA:43,0
DA:44,0
DA:45,0
DA:46,0
DA:47,0
DA:50,0
DA:51,0
DA:52,0
DA:56,0
DA:60,0
DA:61,0
DA:65,0
DA:66,0
DA:67,0
DA:68,0
DA:69,0
DA:73,0
DA:74,0
DA:75,0
DA:77,0
DA:78,0
DA:80,0
DA:81,0
DA:82,0
DA:83,0
DA:85,0
DA:88,0
DA:89,0
DA:92,0
DA:93,0
DA:94,0
DA:97,0
DA:99,0
DA:101,0
DA:105,0
DA:106,0
DA:108,0
DA:125,0
DA:148,0
DA:183,0
DA:285,0
LF:60
LH:0
BRDA:35,0,0,0
BRDA:35,0,1,0
BRDA:45,1,0,0
BRDA:45,1,1,0
BRDA:51,2,0,0
BRDA:51,2,1,0
BRDA:67,3,0,0
BRDA:67,3,1,0
BRDA:75,4,0,0
BRDA:75,4,1,0
BRDA:75,5,0,0
BRDA:75,5,1,0
BRDA:88,6,0,0
BRDA:88,6,1,0
BRDA:105,7,0,0
BRDA:105,7,1,0
BRDA:113,8,0,0
BRDA:113,8,1,0
BRDA:159,9,0,0
BRDA:159,9,1,0
BRDA:160,10,0,0
BRDA:160,10,1,0
BRDA:166,11,0,0
BRDA:166,11,1,0
BRDA:168,12,0,0
BRDA:168,12,1,0
BRDA:175,13,0,0
BRDA:175,13,1,0
BRDA:175,14,0,0
BRDA:175,14,1,0
BRF:30
BRH:0
end_of_record
TN:
SF:components\home\WeightSparkline.tsx
FN:23,(anonymous_9)
FN:33,(anonymous_10)
FN:52,(anonymous_11)
FN:63,(anonymous_12)
FN:64,(anonymous_13)
FN:73,(anonymous_14)
FN:77,(anonymous_15)
FN:125,(anonymous_16)
FN:126,(anonymous_17)
FN:161,(anonymous_18)
FNF:10
FNH:0
FNDA:0,(anonymous_9)
FNDA:0,(anonymous_10)
FNDA:0,(anonymous_11)
FNDA:0,(anonymous_12)
FNDA:0,(anonymous_13)
FNDA:0,(anonymous_14)
FNDA:0,(anonymous_15)
FNDA:0,(anonymous_16)
FNDA:0,(anonymous_17)
FNDA:0,(anonymous_18)
DA:1,0
DA:2,0
DA:3,0
DA:10,0
DA:11,0
DA:12,0
DA:13,0
DA:14,0
DA:15,0
DA:23,0
DA:28,0
DA:29,0
DA:30,0
DA:33,0
DA:34,0
DA:37,0
DA:40,0
DA:41,0
DA:45,0
DA:46,0
DA:49,0
DA:52,0
DA:54,0
DA:55,0
DA:56,0
DA:59,0
DA:60,0
DA:62,0
DA:63,0
DA:64,0
DA:65,0
DA:67,0
DA:69,0
DA:73,0
DA:74,0
DA:77,0
DA:78,0
DA:79,0
DA:82,0
DA:83,0
DA:99,0
DA:100,0
DA:101,0
DA:102,0
DA:105,0
DA:106,0
DA:107,0
DA:110,0
DA:111,0
DA:112,0
DA:113,0
DA:114,0
DA:117,0
DA:121,0
DA:125,0
DA:126,0
DA:133,0
DA:134,0
DA:136,0
DA:161,0
DA:199,0
DA:287,0
LF:62
LH:0
BRDA:25,0,0,0
BRDA:34,1,0,0
BRDA:34,1,1,0
BRDA:37,2,0,0
BRDA:37,2,1,0
BRDA:40,3,0,0
BRDA:40,3,1,0
BRDA:40,4,0,0
BRDA:40,4,1,0
BRDA:45,5,0,0
BRDA:45,5,1,0
BRDA:45,6,0,0
BRDA:45,6,1,0
BRDA:54,7,0,0
BRDA:54,7,1,0
BRDA:63,8,0,0
BRDA:63,8,1,0
BRDA:82,9,0,0
BRDA:82,9,1,0
BRDA:82,10,0,0
BRDA:82,10,1,0
BRDA:91,11,0,0
BRDA:91,11,1,0
BRDA:99,12,0,0
BRDA:99,12,1,0
BRDA:100,13,0,0
BRDA:100,13,1,0
BRDA:102,14,0,0
BRDA:102,14,1,0
BRDA:111,15,0,0
BRDA:111,15,1,0
BRDA:112,16,0,0
BRDA:112,16,1,0
BRDA:112,17,0,0
BRDA:112,17,1,0
BRDA:113,18,0,0
BRDA:113,18,1,0
BRDA:114,19,0,0
BRDA:114,19,1,0
BRDA:114,20,0,0
BRDA:114,20,1,0
BRDA:117,21,0,0
BRDA:117,21,1,0
BRDA:181,22,0,0
BRDA:181,22,1,0
BRDA:183,23,0,0
BRDA:183,23,1,0
BRDA:189,24,0,0
BRDA:189,24,1,0
BRF:49
BRH:0
end_of_record
TN:
SF:components\home\index.ts
FN:1,(anonymous_0)
FN:2,(anonymous_1)
FNF:2
FNH:0
FNDA:0,(anonymous_0)
FNDA:0,(anonymous_1)
DA:1,0
DA:2,0
LF:2
LH:0
BRF:0
BRH:0
end_of_record
TN:
SF:components\modals\ActiveWorkoutConflictModal.tsx
FN:21,ActiveWorkoutConflictModal
FN:30,(anonymous_2)
FNF:2
FNH:0
FNDA:0,ActiveWorkoutConflictModal
FNDA:0,(anonymous_2)
DA:1,0
DA:2,0
DA:10,0
DA:21,0
DA:28,0
DA:30,0
DA:31,0
DA:32,0
DA:33,0
DA:34,0
DA:36,0
DA:37,0
DA:39,0
DA:42,0
DA:111,0
LF:15
LH:0
BRDA:28,0,0,0
BRDA:28,0,1,0
BRDA:36,1,0,0
BRDA:36,1,1,0
BRDA:94,2,0,0
BRDA:94,2,1,0
BRDA:98,3,0,0
BRDA:98,3,1,0
BRF:8
BRH:0
end_of_record
TN:
SF:components\modals\AuthPromptModal.tsx
FN:12,AuthPromptModal
FN:15,(anonymous_2)
FN:20,(anonymous_3)
FNF:3
FNH:0
FNDA:0,AuthPromptModal
FNDA:0,(anonymous_2)
FNDA:0,(anonymous_3)
DA:1,0
DA:2,0
DA:3,0
DA:4,0
DA:12,0
DA:13,0
DA:15,0
DA:16,0
DA:17,0
DA:20,0
DA:21,0
DA:22,0
DA:25,0
DA:70,0
LF:14
LH:0
BRDA:49,0,0,0
BRDA:49,0,1,0
BRF:2
BRH:0
end_of_record
TN:
SF:components\modals\DeleteAccountModal.tsx
FN:22,DeleteAccountModal
FN:33,(anonymous_10)
FN:50,(anonymous_11)
FN:72,(anonymous_12)
FNF:4
FNH:0
FNDA:0,DeleteAccountModal
FNDA:0,(anonymous_10)
FNDA:0,(anonymous_11)
FNDA:0,(anonymous_12)
DA:1,0
DA:2,0
DA:13,0
DA:14,0
DA:22,0
DA:27,0
DA:28,0
DA:29,0
DA:31,0
DA:33,0
DA:34,0
DA:36,0
DA:50,0
DA:51,0
DA:52,0
DA:53,0
DA:55,0
DA:56,0
DA:61,0
DA:63,0
DA:66,0
DA:68,0
DA:72,0
DA:73,0
DA:74,0
DA:75,0
DA:78,0
DA:154,0
LF:28
LH:0
BRDA:31,0,0,0
BRDA:31,0,1,0
BRDA:34,1,0,0
BRDA:34,1,1,0
BRDA:55,2,0,0
BRDA:55,2,1,0
BRDA:63,3,0,0
BRDA:63,3,1,0
BRDA:133,4,0,0
BRDA:133,4,1,0
BRDA:133,4,2,0
BRDA:135,5,0,0
BRDA:135,5,1,0
BRDA:137,6,0,0
BRDA:137,6,1,0
BRF:15
BRH:0
end_of_record
TN:
SF:components\modals\RestoreConfirmModal.tsx
FN:22,RestoreConfirmModal
FN:42,(anonymous_2)
FN:44,(anonymous_3)
FN:156,(anonymous_4)
FN:172,(anonymous_5)
FN:199,(anonymous_6)
FNF:6
FNH:0
FNDA:0,RestoreConfirmModal
FNDA:0,(anonymous_2)
FNDA:0,(anonymous_3)
FNDA:0,(anonymous_4)
FNDA:0,(anonymous_5)
FNDA:0,(anonymous_6)
DA:1,0
DA:2,0
DA:11,0
DA:22,0
DA:29,0
DA:31,0
DA:33,0
DA:42,0
DA:44,0
DA:45,0
DA:46,0
DA:55,0
DA:156,0
DA:172,0
DA:199,0
DA:216,0
LF:16
LH:0
BRDA:31,0,0,0
BRDA:31,0,1,0
BRDA:34,1,0,0
BRDA:34,1,1,0
BRDA:35,2,0,0
BRDA:35,2,1,0
BRDA:36,3,0,0
BRDA:36,3,1,0
BRDA:37,4,0,0
BRDA:37,4,1,0
BRDA:38,5,0,0
BRDA:38,5,1,0
BRDA:39,6,0,0
BRDA:39,6,1,0
BRDA:72,7,0,0
BRDA:72,7,1,0
BRDA:89,8,0,0
BRDA:89,8,1,0
BRDA:93,9,0,0
BRDA:93,9,1,0
BRDA:98,10,0,0
BRDA:98,10,1,0
BRDA:102,11,0,0
BRDA:102,11,1,0
BRDA:107,12,0,0
BRDA:107,12,1,0
BRDA:111,13,0,0
BRDA:111,13,1,0
BRDA:116,14,0,0
BRDA:116,14,1,0
BRDA:120,15,0,0
BRDA:120,15,1,0
BRDA:125,16,0,0
BRDA:125,16,1,0
BRDA:129,17,0,0
BRDA:129,17,1,0
BRDA:134,18,0,0
BRDA:134,18,1,0
BRDA:138,19,0,0
BRDA:138,19,1,0
BRDA:155,20,0,0
BRDA:155,20,1,0
BRDA:160,21,0,0
BRDA:160,21,1,0
BRDA:171,22,0,0
BRDA:171,22,1,0
BRDA:176,23,0,0
BRDA:176,23,1,0
BRDA:198,24,0,0
BRDA:198,24,1,0
BRDA:202,25,0,0
BRDA:202,25,1,0
BRF:52
BRH:0
end_of_record
TN:
SF:components\modals\RestoreProgressModal.tsx
FN:22,RestoreProgressModal
FN:57,(anonymous_2)
FNF:2
FNH:0
FNDA:0,RestoreProgressModal
FNDA:0,(anonymous_2)
DA:1,0
DA:2,0
DA:9,0
DA:22,0
DA:23,0
DA:27,0
DA:58,0
DA:70,0
LF:8
LH:0
BRDA:23,0,0,0
BRDA:23,0,1,0
BRDA:45,1,0,0
BRDA:45,1,1,0
BRDA:50,2,0,0
BRDA:50,2,1,0
BRF:6
BRH:0
end_of_record
TN:
SF:components\notifications\AchievementToast.tsx
FN:7,AchievementToast
FN:14,(anonymous_10)
FN:15,(anonymous_11)
FN:49,(anonymous_12)
FN:54,(anonymous_13)
FN:62,(anonymous_14)
FN:77,(anonymous_15)
FNF:7
FNH:0
FNDA:0,AchievementToast
FNDA:0,(anonymous_10)
FNDA:0,(anonymous_11)
FNDA:0,(anonymous_12)
FNDA:0,(anonymous_13)
FNDA:0,(anonymous_14)
FNDA:0,(anonymous_15)
DA:1,0
DA:2,0
DA:3,0
DA:5,0
DA:7,0
DA:8,0
DA:9,0
DA:10,0
DA:11,0
DA:12,0
DA:14,0
DA:15,0
DA:17,0
DA:18,0
DA:21,0
DA:22,0
DA:25,0
DA:33,0
DA:49,0
DA:50,0
DA:55,0
DA:56,0
DA:58,0
DA:62,0
DA:63,0
DA:64,0
DA:65,0
DA:70,0
DA:72,0
DA:77,0
DA:78,0
DA:80,0
DA:82,0
DA:84,0
DA:86,0
DA:88,0
DA:92,0
DA:127,0
LF:38
LH:0
BRDA:17,0,0,0
BRDA:17,0,1,0
BRDA:64,1,0,0
BRDA:64,1,1,0
BRDA:70,2,0,0
BRDA:70,2,1,0
BRDA:70,3,0,0
BRDA:70,3,1,0
BRDA:78,4,0,0
BRDA:78,4,1,0
BRDA:78,4,2,0
BRDA:78,4,3,0
BRDA:78,4,4,0
BRF:13
BRH:0
end_of_record
TN:
SF:components\notifications\NotificationPermissionBanner.tsx
FN:13,NotificationPermissionBanner
FN:21,(anonymous_2)
FNF:2
FNH:0
FNDA:0,NotificationPermissionBanner
FNDA:0,(anonymous_2)
DA:1,0
DA:2,0
DA:3,0
DA:4,0
DA:13,0
DA:14,0
DA:17,0
DA:18,0
DA:21,0
DA:22,0
DA:23,0
DA:25,0
DA:27,0
DA:30,0
DA:50,0
LF:15
LH:0
BRDA:17,0,0,0
BRDA:17,0,1,0
BRDA:22,1,0,0
BRDA:22,1,1,0
BRDA:39,2,0,0
BRDA:39,2,1,0
BRF:6
BRH:0
end_of_record
TN:
SF:components\notifications\NotificationPermissionPrompt.tsx
FN:11,NotificationPermissionPrompt
FN:23,(anonymous_10)
FN:36,(anonymous_11)
FN:52,(anonymous_12)
FN:110,BenefitRow
FNF:5
FNH:0
FNDA:0,NotificationPermissionPrompt
FNDA:0,(anonymous_10)
FNDA:0,(anonymous_11)
FNDA:0,(anonymous_12)
FNDA:0,BenefitRow
DA:1,0
DA:2,0
DA:3,0
DA:4,0
DA:11,0
DA:15,0
DA:16,0
DA:19,0
DA:20,0
DA:23,0
DA:24,0
DA:26,0
DA:37,0
DA:38,0
DA:45,0
DA:46,0
DA:47,0
DA:52,0
DA:53,0
DA:54,0
DA:57,0
DA:111,0
DA:120,0
LF:23
LH:0
BRDA:19,0,0,0
BRDA:19,0,1,0
BRDA:19,1,0,0
BRDA:19,1,1,0
BRDA:24,2,0,0
BRDA:24,2,1,0
BRDA:46,3,0,0
BRDA:46,3,1,0
BRDA:93,4,0,0
BRDA:93,4,1,0
BRF:10
BRH:0
end_of_record
TN:
SF:components\notifications\PRToast.tsx
FN:7,PRToast
FN:14,(anonymous_10)
FN:15,(anonymous_11)
FN:41,(anonymous_12)
FN:53,(anonymous_13)
FN:61,(anonymous_14)
FN:71,(anonymous_15)
FN:82,(anonymous_16)
FNF:8
FNH:0
FNDA:0,PRToast
FNDA:0,(anonymous_10)
FNDA:0,(anonymous_11)
FNDA:0,(anonymous_12)
FNDA:0,(anonymous_13)
FNDA:0,(anonymous_14)
FNDA:0,(anonymous_15)
FNDA:0,(anonymous_16)
DA:1,0
DA:2,0
DA:3,0
DA:5,0
DA:7,0
DA:8,0
DA:9,0
DA:10,0
DA:11,0
DA:12,0
DA:14,0
DA:15,0
DA:17,0
DA:18,0
DA:21,0
DA:22,0
DA:25,0
DA:41,0
DA:42,0
DA:54,0
DA:55,0
DA:57,0
DA:61,0
DA:62,0
DA:63,0
DA:64,0
DA:69,0
DA:71,0
DA:72,0
DA:74,0
DA:76,0
DA:78,0
DA:82,0
DA:83,0
DA:85,0
DA:87,0
DA:89,0
DA:93,0
DA:134,0
LF:39
LH:0
BRDA:17,0,0,0
BRDA:17,0,1,0
BRDA:63,1,0,0
BRDA:63,1,1,0
BRDA:69,2,0,0
BRDA:69,2,1,0
BRDA:69,3,0,0
BRDA:69,3,1,0
BRDA:72,4,0,0
BRDA:72,4,1,0
BRDA:72,4,2,0
BRDA:83,5,0,0
BRDA:83,5,1,0
BRDA:83,5,2,0
BRDA:113,6,0,0
BRDA:113,6,1,0
BRDA:114,7,0,0
BRDA:114,7,1,0
BRDA:115,8,0,0
BRDA:115,8,1,0
BRDA:118,9,0,0
BRDA:118,9,1,0
BRDA:121,10,0,0
BRDA:121,10,1,0
BRDA:121,10,2,0
BRDA:122,11,0,0
BRDA:122,11,1,0
BRF:27
BRH:0
end_of_record
TN:
SF:components\notifications\index.ts
FN:1,(anonymous_0)
FN:2,(anonymous_1)
FN:3,(anonymous_2)
FN:4,(anonymous_3)
FNF:4
FNH:0
FNDA:0,(anonymous_0)
FNDA:0,(anonymous_1)
FNDA:0,(anonymous_2)
FNDA:0,(anonymous_3)
DA:1,0
DA:2,0
DA:3,0
DA:4,0
LF:4
LH:0
BRF:0
BRH:0
end_of_record
TN:
SF:components\sync\SyncStatus.tsx
FN:14,SyncStatus
FN:20,(anonymous_10)
FN:27,(anonymous_11)
FNF:3
FNH:0
FNDA:0,SyncStatus
FNDA:0,(anonymous_10)
FNDA:0,(anonymous_11)
DA:1,0
DA:2,0
DA:3,0
DA:14,0
DA:15,0
DA:17,0
DA:20,0
DA:27,0
DA:33,0
LF:9
LH:0
BRDA:14,0,0,0
BRDA:14,1,0,0
BRF:2
BRH:0
end_of_record
TN:
SF:components\sync\SyncStatusIndicator.tsx
FN:28,SyncStatusIndicator
FN:37,(anonymous_10)
FN:42,(anonymous_11)
FN:45,(anonymous_12)
FN:50,(anonymous_13)
FN:117,StatusIcon
FN:121,(anonymous_15)
FN:170,StatusText
FN:173,(anonymous_17)
FNF:9
FNH:0
FNDA:0,SyncStatusIndicator
FNDA:0,(anonymous_10)
FNDA:0,(anonymous_11)
FNDA:0,(anonymous_12)
FNDA:0,(anonymous_13)
FNDA:0,StatusIcon
FNDA:0,(anonymous_15)
FNDA:0,StatusText
FNDA:0,(anonymous_17)
DA:1,0
DA:2,0
DA:9,0
DA:10,0
DA:11,0
DA:12,0
DA:28,0
DA:33,0
DA:34,0
DA:35,0
DA:37,0
DA:38,0
DA:41,0
DA:42,0
DA:45,0
DA:46,0
DA:47,0
DA:50,0
DA:51,0
DA:52,0
DA:59,0
DA:60,0
DA:68,0
DA:69,0
DA:76,0
DA:77,0
DA:84,0
DA:92,0
DA:93,0
DA:95,0
DA:118,0
DA:119,0
DA:121,0
DA:122,0
DA:123,0
DA:131,0
DA:135,0
DA:140,0
DA:142,0
DA:145,0
DA:152,0
DA:155,0
DA:158,0
DA:161,0
DA:171,0
DA:173,0
DA:174,0
DA:176,0
DA:178,0
DA:180,0
DA:182,0
DA:184,0
DA:186,0
DA:190,0
DA:192,0
DA:199,0
DA:254,0
LF:57
LH:0
BRDA:30,0,0,0
BRDA:31,1,0,0
BRDA:47,2,0,0
BRDA:47,2,1,0
BRDA:51,3,0,0
BRDA:51,3,1,0
BRDA:59,4,0,0
BRDA:59,4,1,0
BRDA:65,5,0,0
BRDA:65,5,1,0
BRDA:68,6,0,0
BRDA:68,6,1,0
BRDA:76,7,0,0
BRDA:76,7,1,0
BRDA:93,8,0,0
BRDA:93,8,1,0
BRDA:93,9,0,0
BRDA:93,9,1,0
BRDA:102,10,0,0
BRDA:102,10,1,0
BRDA:103,11,0,0
BRDA:103,11,1,0
BRDA:103,11,2,0
BRDA:119,12,0,0
BRDA:119,12,1,0
BRDA:119,13,0,0
BRDA:119,13,1,0
BRDA:122,14,0,0
BRDA:122,14,1,0
BRDA:140,15,0,0
BRDA:140,15,1,0
BRDA:140,15,2,0
BRDA:140,15,3,0
BRDA:140,15,4,0
BRDA:140,15,5,0
BRDA:171,16,0,0
BRDA:171,16,1,0
BRDA:171,17,0,0
BRDA:171,17,1,0
BRDA:174,18,0,0
BRDA:174,18,1,0
BRDA:174,18,2,0
BRDA:174,18,3,0
BRDA:174,18,4,0
BRDA:174,18,5,0
BRDA:190,19,0,0
BRDA:190,19,1,0
BRF:47
BRH:0
end_of_record
TN:
SF:components\sync\SyncStatusSheet.tsx
FN:26,SyncStatusSheet
FN:42,(anonymous_10)
FN:48,(anonymous_11)
FN:53,(anonymous_12)
FN:61,(anonymous_13)
FN:69,(anonymous_14)
FN:80,(anonymous_15)
FN:98,(anonymous_16)
FN:118,(anonymous_17)
FN:127,(anonymous_18)
FN:144,(anonymous_19)
FN:235,(anonymous_20)
FNF:12
FNH:0
FNDA:0,SyncStatusSheet
FNDA:0,(anonymous_10)
FNDA:0,(anonymous_11)
FNDA:0,(anonymous_12)
FNDA:0,(anonymous_13)
FNDA:0,(anonymous_14)
FNDA:0,(anonymous_15)
FNDA:0,(anonymous_16)
FNDA:0,(anonymous_17)
FNDA:0,(anonymous_18)
FNDA:0,(anonymous_19)
FNDA:0,(anonymous_20)
DA:1,0
DA:2,0
DA:12,0
DA:13,0
DA:14,0
DA:15,0
DA:16,0
DA:17,0
DA:26,0
DA:27,0
DA:37,0
DA:38,0
DA:39,0
DA:40,0
DA:42,0
DA:43,0
DA:44,0
DA:48,0
DA:49,0
DA:50,0
DA:53,0
DA:54,0
DA:55,0
DA:56,0
DA:57,0
DA:58,0
DA:61,0
DA:62,0
DA:63,0
DA:64,0
DA:65,0
DA:66,0
DA:69,0
DA:70,0
DA:72,0
DA:74,0
DA:75,0
DA:76,0
DA:77,0
DA:80,0
DA:81,0
DA:82,0
DA:83,0
DA:86,0
DA:87,0
DA:88,0
DA:89,0
DA:90,0
DA:92,0
DA:94,0
DA:98,0
DA:99,0
DA:100,0
DA:101,0
DA:104,0
DA:105,0
DA:106,0
DA:107,0
DA:109,0
DA:114,0
DA:118,0
DA:119,0
DA:128,0
DA:129,0
DA:136,0
DA:144,0
DA:236,0
DA:305,0
DA:511,0
LF:69
LH:0
BRDA:43,0,0,0
BRDA:43,0,1,0
BRDA:50,1,0,0
BRDA:50,1,1,0
BRDA:54,2,0,0
BRDA:54,2,1,0
BRDA:55,3,0,0
BRDA:55,3,1,0
BRDA:56,4,0,0
BRDA:56,4,1,0
BRDA:57,5,0,0
BRDA:57,5,1,0
BRDA:62,6,0,0
BRDA:62,6,1,0
BRDA:63,7,0,0
BRDA:63,7,1,0
BRDA:64,8,0,0
BRDA:64,8,1,0
BRDA:65,9,0,0
BRDA:65,9,1,0
BRDA:70,10,0,0
BRDA:70,10,1,0
BRDA:74,11,0,0
BRDA:74,11,1,0
BRDA:75,12,0,0
BRDA:75,12,1,0
BRDA:76,13,0,0
BRDA:76,13,1,0
BRDA:81,14,0,0
BRDA:81,14,1,0
BRDA:99,15,0,0
BRDA:99,15,1,0
BRDA:111,16,0,0
BRDA:111,16,1,0
BRDA:168,17,0,0
BRDA:168,17,1,0
BRDA:178,18,0,0
BRDA:178,18,1,0
BRDA:182,19,0,0
BRDA:182,19,1,0
BRDA:195,20,0,0
BRDA:195,20,1,0
BRDA:202,21,0,0
BRDA:202,21,1,0
BRDA:216,22,0,0
BRDA:216,22,1,0
BRDA:223,23,0,0
BRDA:223,23,1,0
BRDA:231,24,0,0
BRDA:231,24,1,0
BRDA:241,25,0,0
BRDA:241,25,1,0
BRDA:249,26,0,0
BRDA:249,26,1,0
BRDA:262,27,0,0
BRDA:262,27,1,0
BRDA:266,28,0,0
BRDA:266,28,1,0
BRDA:270,29,0,0
BRDA:270,29,1,0
BRDA:275,30,0,0
BRDA:275,30,1,0
BRF:62
BRH:0
end_of_record
TN:
SF:components\template\EmptyState.tsx
FN:6,(anonymous_1)
FNF:1
FNH:0
FNDA:0,(anonymous_1)
DA:1,0
DA:2,0
DA:3,0
DA:6,0
DA:7,0
DA:32,0
DA:86,0
LF:7
LH:0
BRF:0
BRH:0
end_of_record
TN:
SF:components\template\FolderSection.tsx
FN:21,FolderSectionComponent
FN:35,(anonymous_10)
FN:46,(anonymous_11)
FN:71,(anonymous_12)
FN:76,(anonymous_13)
FN:77,(anonymous_14)
FN:78,(anonymous_15)
FN:79,(anonymous_16)
FN:80,(anonymous_17)
FN:81,(anonymous_18)
FN:92,(anonymous_19)
FN:96,(anonymous_20)
FN:105,(anonymous_21)
FN:118,(anonymous_22)
FN:131,(anonymous_23)
FNF:15
FNH:0
FNDA:0,FolderSectionComponent
FNDA:0,(anonymous_10)
FNDA:0,(anonymous_11)
FNDA:0,(anonymous_12)
FNDA:0,(anonymous_13)
FNDA:0,(anonymous_14)
FNDA:0,(anonymous_15)
FNDA:0,(anonymous_16)
FNDA:0,(anonymous_17)
FNDA:0,(anonymous_18)
FNDA:0,(anonymous_19)
FNDA:0,(anonymous_20)
FNDA:0,(anonymous_21)
FNDA:0,(anonymous_22)
FNDA:0,(anonymous_23)
DA:1,0
DA:2,0
DA:10,0
DA:17,0
DA:19,0
DA:32,0
DA:33,0
DA:35,0
DA:36,0
DA:37,0
DA:40,0
DA:47,0
DA:48,0
DA:72,0
DA:76,0
DA:77,0
DA:78,0
DA:79,0
DA:80,0
DA:81,0
DA:92,0
DA:96,0
DA:106,0
DA:107,0
DA:119,0
DA:120,0
DA:131,0
DA:142,0
DA:144,0
DA:251,0
LF:30
LH:0
BRDA:52,0,0,0
BRDA:52,0,1,0
BRDA:61,1,0,0
BRDA:61,1,1,0
BRDA:69,2,0,0
BRDA:69,2,1,0
BRDA:69,2,2,0
BRDA:76,3,0,0
BRDA:76,3,1,0
BRDA:78,4,0,0
BRDA:78,4,1,0
BRDA:80,5,0,0
BRDA:80,5,1,0
BRF:13
BRH:0
end_of_record
TN:
SF:components\template\TemplateCard.tsx
FN:21,TemplateCardComponent
FN:38,(anonymous_10)
FN:43,(anonymous_11)
FN:85,(anonymous_12)
FN:151,(anonymous_13)
FN:182,(anonymous_14)
FNF:6
FNH:0
FNDA:0,TemplateCardComponent
FNDA:0,(anonymous_10)
FNDA:0,(anonymous_11)
FNDA:0,(anonymous_12)
FNDA:0,(anonymous_13)
FNDA:0,(anonymous_14)
DA:1,0
DA:2,0
DA:8,0
DA:15,0
DA:16,0
DA:17,0
DA:19,0
DA:31,0
DA:33,0
DA:34,0
DA:38,0
DA:39,0
DA:40,0
DA:43,0
DA:44,0
DA:45,0
DA:48,0
DA:49,0
DA:85,0
DA:95,0
DA:152,0
DA:182,0
DA:192,0
DA:194,0
DA:331,0
LF:25
LH:0
BRDA:29,0,0,0
BRDA:33,1,0,0
BRDA:33,1,1,0
BRDA:34,2,0,0
BRDA:34,2,1,0
BRDA:48,3,0,0
BRDA:48,3,1,0
BRDA:65,4,0,0
BRDA:65,4,1,0
BRDA:66,5,0,0
BRDA:66,5,1,0
BRDA:127,6,0,0
BRDA:127,6,1,0
BRDA:131,7,0,0
BRDA:131,7,1,0
BRDA:143,8,0,0
BRDA:143,8,1,0
BRDA:149,9,0,0
BRDA:149,9,1,0
BRDA:149,9,2,0
BRDA:156,10,0,0
BRDA:156,10,1,0
BRF:22
BRH:0
end_of_record
TN:
SF:components\template\TemplateMenu.tsx
FN:13,(anonymous_1)
FN:33,(anonymous_2)
FN:41,(anonymous_3)
FN:49,(anonymous_4)
FN:59,(anonymous_5)
FNF:5
FNH:0
FNDA:0,(anonymous_1)
FNDA:0,(anonymous_2)
FNDA:0,(anonymous_3)
FNDA:0,(anonymous_4)
FNDA:0,(anonymous_5)
DA:1,0
DA:2,0
DA:10,0
DA:13,0
DA:22,0
DA:33,0
DA:41,0
DA:49,0
DA:59,0
DA:78,0
DA:144,0
LF:11
LH:0
BRF:0
BRH:0
end_of_record
TN:
SF:components\template\TemplateModals.tsx
FN:24,(anonymous_1)
FN:59,(anonymous_2)
FN:67,(anonymous_3)
FN:106,(anonymous_4)
FN:128,(anonymous_5)
FN:140,(anonymous_6)
FN:144,(anonymous_7)
FN:172,(anonymous_8)
FNF:8
FNH:0
FNDA:0,(anonymous_1)
FNDA:0,(anonymous_2)
FNDA:0,(anonymous_3)
FNDA:0,(anonymous_4)
FNDA:0,(anonymous_5)
FNDA:0,(anonymous_6)
FNDA:0,(anonymous_7)
FNDA:0,(anonymous_8)
DA:1,0
DA:2,0
DA:12,0
DA:13,0
DA:24,0
DA:34,0
DA:60,0
DA:67,0
DA:106,0
DA:113,0
DA:128,0
DA:141,0
DA:144,0
DA:172,0
DA:177,0
DA:214,0
LF:16
LH:0
BRDA:43,0,0,0
BRDA:43,0,1,0
BRDA:65,1,0,0
BRDA:65,1,1,0
BRDA:87,2,0,0
BRDA:87,2,1,0
BRDA:93,3,0,0
BRDA:93,3,1,0
BRF:8
BRH:0
end_of_record
TN:
SF:components\template\index.ts
FN:5,(anonymous_4)
FN:6,(anonymous_5)
FN:7,(anonymous_6)
FN:8,(anonymous_7)
FN:8,(anonymous_8)
FN:8,(anonymous_9)
FN:9,(anonymous_10)
FNF:7
FNH:0
FNDA:0,(anonymous_4)
FNDA:0,(anonymous_5)
FNDA:0,(anonymous_6)
FNDA:0,(anonymous_7)
FNDA:0,(anonymous_8)
FNDA:0,(anonymous_9)
FNDA:0,(anonymous_10)
DA:5,0
DA:6,0
DA:7,0
DA:8,0
DA:9,0
DA:10,0
LF:6
LH:0
BRF:0
BRH:0
end_of_record
TN:
SF:components\ui\Button.tsx
FN:25,(anonymous_1)
FNF:1
FNH:0
FNDA:0,(anonymous_1)
DA:1,0
DA:2,0
DA:25,0
DA:37,0
DA:39,0
DA:48,0
DA:55,0
DA:78,0
LF:8
LH:0
BRDA:27,0,0,0
BRDA:28,1,0,0
BRDA:29,2,0,0
BRDA:32,3,0,0
BRDA:37,4,0,0
BRDA:37,4,1,0
BRDA:43,5,0,0
BRDA:43,5,1,0
BRDA:44,6,0,0
BRDA:44,6,1,0
BRDA:52,7,0,0
BRDA:52,7,1,0
BRDA:62,8,0,0
BRDA:62,8,1,0
BRDA:65,9,0,0
BRDA:65,9,1,0
BRF:16
BRH:0
end_of_record
TN:
SF:components\ui\ErrorDisplay.tsx
FN:15,ErrorDisplay
FN:63,InlineError
FN:75,ErrorBanner
FN:108,getErrorIcon
FN:121,getIconColor
FN:135,getIconBgColor
FN:147,getBannerColor
FN:161,getErrorTitle
FNF:8
FNH:0
FNDA:0,ErrorDisplay
FNDA:0,InlineError
FNDA:0,ErrorBanner
FNDA:0,getErrorIcon
FNDA:0,getIconColor
FNDA:0,getIconBgColor
FNDA:0,getBannerColor
FNDA:0,getErrorTitle
DA:1,0
DA:2,0
DA:3,0
DA:4,0
DA:15,0
DA:16,0
DA:17,0
DA:19,0
DA:20,0
DA:33,0
DA:63,0
DA:64,0
DA:75,0
DA:84,0
DA:109,0
DA:111,0
DA:113,0
DA:115,0
DA:117,0
DA:122,0
DA:124,0
DA:127,0
DA:129,0
DA:131,0
DA:136,0
DA:138,0
DA:141,0
DA:143,0
DA:148,0
DA:150,0
DA:153,0
DA:155,0
DA:157,0
DA:162,0
DA:164,0
DA:166,0
DA:168,0
DA:170,0
DA:172,0
DA:174,0
DA:176,0
DA:178,0
DA:182,0
LF:43
LH:0
BRDA:15,0,0,0
BRDA:19,1,0,0
BRDA:19,1,1,0
BRDA:24,2,0,0
BRDA:24,2,1,0
BRDA:24,2,2,0
BRDA:42,3,0,0
BRDA:42,3,1,0
BRDA:42,3,2,0
BRDA:53,4,0,0
BRDA:53,4,1,0
BRDA:53,4,2,0
BRDA:92,5,0,0
BRDA:92,5,1,0
BRDA:92,5,2,0
BRDA:97,6,0,0
BRDA:97,6,1,0
BRDA:109,7,0,0
BRDA:109,7,1,0
BRDA:109,7,2,0
BRDA:109,7,3,0
BRDA:122,8,0,0
BRDA:122,8,1,0
BRDA:122,8,2,0
BRDA:122,8,3,0
BRDA:122,8,4,0
BRDA:136,9,0,0
BRDA:136,9,1,0
BRDA:136,9,2,0
BRDA:136,9,3,0
BRDA:148,10,0,0
BRDA:148,10,1,0
BRDA:148,10,2,0
BRDA:148,10,3,0
BRDA:148,10,4,0
BRDA:162,11,0,0
BRDA:162,11,1,0
BRDA:162,11,2,0
BRDA:162,11,3,0
BRDA:162,11,4,0
BRDA:162,11,5,0
BRDA:162,11,6,0
BRDA:162,11,7,0
BRF:43
BRH:0
end_of_record
TN:
SF:components\ui\LoadingSpinner.tsx
FN:14,(anonymous_1)
FNF:1
FNH:0
FNDA:0,(anonymous_1)
DA:1,0
DA:2,0
DA:14,0
DA:21,0
DA:27,0
DA:35,0
LF:6
LH:0
BRDA:15,0,0,0
BRDA:16,1,0,0
BRDA:18,2,0,0
BRDA:23,3,0,0
BRDA:23,3,1,0
BRDA:30,4,0,0
BRDA:30,4,1,0
BRF:7
BRH:0
end_of_record
TN:
SF:components\ui\index.ts
FN:1,(anonymous_0)
FN:2,(anonymous_1)
FN:3,(anonymous_2)
FN:4,(anonymous_3)
FN:5,(anonymous_4)
FN:5,(anonymous_5)
FN:5,(anonymous_6)
FN:5,(anonymous_7)
FN:5,(anonymous_8)
FN:6,(anonymous_9)
FN:6,(anonymous_10)
FN:6,(anonymous_11)
FNF:12
FNH:0
FNDA:0,(anonymous_0)
FNDA:0,(anonymous_1)
FNDA:0,(anonymous_2)
FNDA:0,(anonymous_3)
FNDA:0,(anonymous_4)
FNDA:0,(anonymous_5)
FNDA:0,(anonymous_6)
FNDA:0,(anonymous_7)
FNDA:0,(anonymous_8)
FNDA:0,(anonymous_9)
FNDA:0,(anonymous_10)
FNDA:0,(anonymous_11)
DA:1,0
DA:2,0
DA:3,0
DA:4,0
DA:5,0
DA:6,0
LF:6
LH:0
BRF:0
BRH:0
end_of_record
TN:
SF:components\workout\DefaultTemplates.tsx
FN:12,(anonymous_1)
FN:42,DefaultTemplates
FN:70,(anonymous_3)
FN:74,(anonymous_4)
FNF:4
FNH:0
FNDA:0,(anonymous_1)
FNDA:0,DefaultTemplates
FNDA:0,(anonymous_3)
FNDA:0,(anonymous_4)
DA:1,0
DA:2,0
DA:3,0
DA:4,0
DA:12,0
DA:13,0
DA:15,0
DA:42,0
DA:43,0
DA:45,0
DA:46,0
DA:54,0
DA:55,0
DA:62,0
DA:64,0
DA:71,0
DA:74,0
DA:81,0
LF:18
LH:0
BRDA:28,0,0,0
BRDA:28,0,1,0
BRDA:42,1,0,0
BRDA:45,2,0,0
BRDA:45,2,1,0
BRDA:54,3,0,0
BRDA:54,3,1,0
BRDA:54,4,0,0
BRDA:54,4,1,0
BRF:9
BRH:0
end_of_record
TN:
SF:components\workout\FormTips.tsx
FN:38,FormTipsContent
FN:82,(anonymous_10)
FN:100,(anonymous_11)
FN:133,(anonymous_12)
FN:147,FormTips
FN:156,(anonymous_14)
FN:193,(anonymous_15)
FN:211,(anonymous_16)
FN:244,(anonymous_17)
FNF:9
FNH:0
FNDA:0,FormTipsContent
FNDA:0,(anonymous_10)
FNDA:0,(anonymous_11)
FNDA:0,(anonymous_12)
FNDA:0,FormTips
FNDA:0,(anonymous_14)
FNDA:0,(anonymous_15)
FNDA:0,(anonymous_16)
FNDA:0,(anonymous_17)
DA:4,0
DA:5,0
DA:15,0
DA:22,0
DA:25,0
DA:26,0
DA:38,0
DA:39,0
DA:42,0
DA:43,0
DA:46,0
DA:47,0
DA:57,0
DA:58,0
DA:67,0
DA:68,0
DA:71,0
DA:83,0
DA:101,0
DA:134,0
DA:147,0
DA:148,0
DA:149,0
DA:152,0
DA:153,0
DA:156,0
DA:157,0
DA:158,0
DA:161,0
DA:194,0
DA:212,0
DA:245,0
DA:268,0
DA:398,0
LF:34
LH:0
BRDA:25,0,0,0
BRDA:25,0,1,0
BRDA:25,1,0,0
BRDA:25,1,1,0
BRDA:42,2,0,0
BRDA:42,2,1,0
BRDA:42,3,0,0
BRDA:42,3,1,0
BRDA:42,3,2,0
BRDA:46,4,0,0
BRDA:46,4,1,0
BRDA:57,5,0,0
BRDA:57,5,1,0
BRDA:67,6,0,0
BRDA:67,6,1,0
BRDA:75,7,0,0
BRDA:75,7,1,0
BRDA:93,8,0,0
BRDA:93,8,1,0
BRDA:113,9,0,0
BRDA:113,9,1,0
BRDA:126,10,0,0
BRDA:126,10,1,0
BRDA:152,11,0,0
BRDA:152,11,1,0
BRDA:152,12,0,0
BRDA:152,12,1,0
BRDA:170,13,0,0
BRDA:170,13,1,0
BRDA:176,14,0,0
BRDA:176,14,1,0
BRDA:182,15,0,0
BRDA:182,15,1,0
BRDA:182,15,2,0
BRDA:186,16,0,0
BRDA:186,16,1,0
BRDA:204,17,0,0
BRDA:204,17,1,0
BRDA:224,18,0,0
BRDA:224,18,1,0
BRDA:237,19,0,0
BRDA:237,19,1,0
BRDA:257,20,0,0
BRDA:257,20,1,0
BRDA:257,20,2,0
BRF:45
BRH:0
end_of_record
TN:
SF:components\workout\FormTipsInline.tsx
FN:31,FormTipsInline
FN:44,(anonymous_10)
FN:48,(anonymous_11)
FN:63,(anonymous_12)
FN:74,(anonymous_13)
FN:98,(anonymous_14)
FN:114,(anonymous_15)
FN:146,(anonymous_16)
FN:161,(anonymous_17)
FNF:9
FNH:0
FNDA:0,FormTipsInline
FNDA:0,(anonymous_10)
FNDA:0,(anonymous_11)
FNDA:0,(anonymous_12)
FNDA:0,(anonymous_13)
FNDA:0,(anonymous_14)
FNDA:0,(anonymous_15)
FNDA:0,(anonymous_16)
FNDA:0,(anonymous_17)
DA:4,0
DA:5,0
DA:15,0
DA:24,0
DA:31,0
DA:32,0
DA:33,0
DA:36,0
DA:37,0
DA:40,0
DA:44,0
DA:48,0
DA:63,0
DA:74,0
DA:99,0
DA:115,0
DA:147,0
DA:161,0
DA:172,0
DA:332,0
LF:20
LH:0
BRDA:36,0,0,0
BRDA:36,0,1,0
BRDA:36,1,0,0
BRDA:36,1,1,0
BRDA:46,2,0,0
BRDA:46,2,1,0
BRDA:51,3,0,0
BRDA:51,3,1,0
BRDA:89,4,0,0
BRDA:89,4,1,0
BRDA:92,5,0,0
BRDA:92,5,1,0
BRDA:108,6,0,0
BRDA:108,6,1,0
BRDA:126,7,0,0
BRDA:126,7,1,0
BRDA:139,8,0,0
BRDA:139,8,1,0
BRF:18
BRH:0
end_of_record
TN:
SF:components\workout\InlineRestTimer.tsx
FN:35,formatTime
FN:41,formatTimeLabel
FN:52,InlineRestTimer
FN:74,(anonymous_12)
FN:76,(anonymous_13)
FN:81,(anonymous_14)
FN:90,(anonymous_15)
FN:104,(anonymous_16)
FN:128,(anonymous_17)
FN:133,(anonymous_18)
FN:138,(anonymous_19)
FN:143,(anonymous_20)
FN:149,(anonymous_21)
FN:223,(anonymous_22)
FN:225,(anonymous_23)
FN:233,(anonymous_24)
FN:240,(anonymous_25)
FN:256,(anonymous_26)
FNF:18
FNH:0
FNDA:0,formatTime
FNDA:0,formatTimeLabel
FNDA:0,InlineRestTimer
FNDA:0,(anonymous_12)
FNDA:0,(anonymous_13)
FNDA:0,(anonymous_14)
FNDA:0,(anonymous_15)
FNDA:0,(anonymous_16)
FNDA:0,(anonymous_17)
FNDA:0,(anonymous_18)
FNDA:0,(anonymous_19)
FNDA:0,(anonymous_20)
FNDA:0,(anonymous_21)
FNDA:0,(anonymous_22)
FNDA:0,(anonymous_23)
FNDA:0,(anonymous_24)
FNDA:0,(anonymous_25)
FNDA:0,(anonymous_26)
DA:1,0
DA:2,0
DA:11,0
DA:12,0
DA:13,0
DA:28,0
DA:29,0
DA:36,0
DA:37,0
DA:38,0
DA:42,0
DA:43,0
DA:44,0
DA:45,0
DA:52,0
DA:61,0
DA:63,0
DA:64,0
DA:65,0
DA:66,0
DA:67,0
DA:69,0
DA:70,0
DA:71,0
DA:74,0
DA:75,0
DA:76,0
DA:77,0
DA:81,0
DA:82,0
DA:83,0
DA:84,0
DA:90,0
DA:91,0
DA:92,0
DA:93,0
DA:99,0
DA:104,0
DA:105,0
DA:106,0
DA:108,0
DA:111,0
DA:114,0
DA:122,0
DA:123,0
DA:128,0
DA:129,0
DA:130,0
DA:133,0
DA:134,0
DA:135,0
DA:138,0
DA:139,0
DA:140,0
DA:143,0
DA:144,0
DA:145,0
DA:146,0
DA:149,0
DA:150,0
DA:151,0
DA:155,0
DA:156,0
DA:159,0
DA:160,0
DA:166,0
DA:167,0
DA:186,0
DA:223,0
DA:225,0
DA:234,0
DA:240,0
DA:256,0
DA:271,0
LF:74
LH:0
BRDA:42,0,0,0
BRDA:42,0,1,0
BRDA:45,1,0,0
BRDA:45,1,1,0
BRDA:70,2,0,0
BRDA:70,2,1,0
BRDA:71,3,0,0
BRDA:71,3,1,0
BRDA:71,3,2,0
BRDA:75,4,0,0
BRDA:75,4,1,0
BRDA:82,5,0,0
BRDA:82,5,1,0
BRDA:91,6,0,0
BRDA:91,6,1,0
BRDA:91,7,0,0
BRDA:91,7,1,0
BRDA:105,8,0,0
BRDA:105,8,1,0
BRDA:105,9,0,0
BRDA:105,9,1,0
BRDA:122,10,0,0
BRDA:122,10,1,0
BRDA:155,11,0,0
BRDA:155,11,1,0
BRDA:166,12,0,0
BRDA:166,12,1,0
BRDA:238,13,0,0
BRDA:238,13,1,0
BRDA:245,14,0,0
BRDA:245,14,1,0
BRF:31
BRH:0
end_of_record
TN:
SF:components\workout\PRBadge.tsx
FN:63,PRBadgeComponent
FN:73,(anonymous_10)
FN:125,PRIndicator
FN:146,PRToastContent
FN:187,PRSummaryCard
FN:199,(anonymous_14)
FNF:6
FNH:0
FNDA:0,PRBadgeComponent
FNDA:0,(anonymous_10)
FNDA:0,PRIndicator
FNDA:0,PRToastContent
FNDA:0,PRSummaryCard
FNDA:0,(anonymous_14)
DA:1,0
DA:2,0
DA:3,0
DA:4,0
DA:5,0
DA:38,0
DA:70,0
DA:71,0
DA:73,0
DA:74,0
DA:75,0
DA:82,0
DA:86,0
DA:88,0
DA:125,0
DA:126,0
DA:128,0
DA:146,0
DA:147,0
DA:148,0
DA:154,0
DA:156,0
DA:187,0
DA:188,0
DA:189,0
DA:191,0
DA:200,0
DA:221,0
DA:222,0
DA:228,0
LF:30
LH:0
BRDA:65,0,0,0
BRDA:66,1,0,0
BRDA:67,2,0,0
BRDA:74,3,0,0
BRDA:74,3,1,0
BRDA:86,4,0,0
BRDA:86,4,1,0
BRDA:101,5,0,0
BRDA:101,5,1,0
BRDA:126,6,0,0
BRDA:126,6,1,0
BRDA:148,7,0,0
BRDA:148,7,1,0
BRDA:150,8,0,0
BRDA:150,8,1,0
BRDA:154,9,0,0
BRDA:154,9,1,0
BRDA:166,10,0,0
BRDA:166,10,1,0
BRDA:166,10,2,0
BRDA:189,11,0,0
BRDA:189,11,1,0
BRDA:196,12,0,0
BRDA:196,12,1,0
BRDA:204,13,0,0
BRDA:204,13,1,0
BRDA:206,14,0,0
BRDA:206,14,1,0
BRF:28
BRH:0
end_of_record
TN:
SF:components\workout\PRCelebration.tsx
FN:74,(anonymous_9)
FN:106,PRCelebration
FN:134,(anonymous_11)
FN:148,(anonymous_12)
FN:155,(anonymous_13)
FN:170,(anonymous_14)
FN:267,(anonymous_15)
FN:317,(anonymous_16)
FN:322,(anonymous_17)
FN:354,(anonymous_18)
FN:434,usePRCelebrationQueue
FN:438,(anonymous_20)
FN:443,(anonymous_21)
FN:446,(anonymous_22)
FN:451,(anonymous_23)
FNF:15
FNH:0
FNDA:0,(anonymous_9)
FNDA:0,PRCelebration
FNDA:0,(anonymous_11)
FNDA:0,(anonymous_12)
FNDA:0,(anonymous_13)
FNDA:0,(anonymous_14)
FNDA:0,(anonymous_15)
FNDA:0,(anonymous_16)
FNDA:0,(anonymous_17)
FNDA:0,(anonymous_18)
FNDA:0,usePRCelebrationQueue
FNDA:0,(anonymous_20)
FNDA:0,(anonymous_21)
FNDA:0,(anonymous_22)
FNDA:0,(anonymous_23)
DA:1,0
DA:2,0
DA:13,0
DA:14,0
DA:47,0
DA:49,0
DA:60,0
DA:67,0
DA:68,0
DA:74,0
DA:75,0
DA:80,0
DA:106,0
DA:114,0
DA:117,0
DA:118,0
DA:122,0
DA:123,0
DA:124,0
DA:125,0
DA:126,0
DA:127,0
DA:128,0
DA:130,0
DA:133,0
DA:134,0
DA:148,0
DA:149,0
DA:150,0
DA:152,0
DA:155,0
DA:156,0
DA:158,0
DA:161,0
DA:162,0
DA:163,0
DA:164,0
DA:165,0
DA:166,0
DA:167,0
DA:170,0
DA:171,0
DA:172,0
DA:173,0
DA:174,0
DA:178,0
DA:186,0
DA:203,0
DA:223,0
DA:232,0
DA:241,0
DA:251,0
DA:267,0
DA:269,0
DA:280,0
DA:296,0
DA:306,0
DA:317,0
DA:318,0
DA:322,0
DA:323,0
DA:324,0
DA:329,0
DA:334,0
DA:339,0
DA:341,0
DA:355,0
DA:434,0
DA:435,0
DA:436,0
DA:438,0
DA:439,0
DA:443,0
DA:446,0
DA:447,0
DA:451,0
DA:452,0
DA:453,0
DA:454,0
DA:455,0
DA:459,0
DA:467,0
DA:473,0
LF:83
LH:0
BRDA:117,0,0,0
BRDA:117,0,1,0
BRDA:117,1,0,0
BRDA:117,1,1,0
BRDA:149,2,0,0
BRDA:149,2,1,0
BRDA:156,3,0,0
BRDA:156,3,1,0
BRDA:323,4,0,0
BRDA:323,4,1,0
BRDA:339,5,0,0
BRDA:339,5,1,0
BRDA:352,6,0,0
BRDA:352,6,1,0
BRDA:452,7,0,0
BRDA:452,7,1,0
BRDA:452,8,0,0
BRDA:452,8,1,0
BRF:18
BRH:0
end_of_record
TN:
SF:components\workout\PlateCalculator.tsx
FN:84,calculatePlates
FN:98,(anonymous_10)
FN:118,PlateCalculator
FN:138,(anonymous_12)
FN:141,(anonymous_13)
FN:147,(anonymous_14)
FN:152,(anonymous_15)
FN:153,(anonymous_16)
FN:157,(anonymous_17)
FN:165,(anonymous_18)
FN:170,(anonymous_19)
FN:175,(anonymous_20)
FN:215,(anonymous_21)
FN:251,(anonymous_22)
FN:304,(anonymous_23)
FN:352,(anonymous_24)
FN:369,(anonymous_25)
FN:376,(anonymous_26)
FN:397,(anonymous_27)
FNF:19
FNH:0
FNDA:0,calculatePlates
FNDA:0,(anonymous_10)
FNDA:0,PlateCalculator
FNDA:0,(anonymous_12)
FNDA:0,(anonymous_13)
FNDA:0,(anonymous_14)
FNDA:0,(anonymous_15)
FNDA:0,(anonymous_16)
FNDA:0,(anonymous_17)
FNDA:0,(anonymous_18)
FNDA:0,(anonymous_19)
FNDA:0,(anonymous_20)
FNDA:0,(anonymous_21)
FNDA:0,(anonymous_22)
FNDA:0,(anonymous_23)
FNDA:0,(anonymous_24)
FNDA:0,(anonymous_25)
FNDA:0,(anonymous_26)
FNDA:0,(anonymous_27)
DA:1,0
DA:2,0
DA:11,0
DA:12,0
DA:13,0
DA:40,0
DA:41,0
DA:43,0
DA:52,0
DA:62,0
DA:71,0
DA:89,0
DA:90,0
DA:93,0
DA:94,0
DA:95,0
DA:98,0
DA:100,0
DA:101,0
DA:102,0
DA:103,0
DA:107,0
DA:118,0
DA:127,0
DA:130,0
DA:131,0
DA:132,0
DA:134,0
DA:135,0
DA:138,0
DA:141,0
DA:142,0
DA:143,0
DA:147,0
DA:148,0
DA:152,0
DA:153,0
DA:157,0
DA:158,0
DA:159,0
DA:160,0
DA:161,0
DA:165,0
DA:166,0
DA:167,0
DA:170,0
DA:171,0
DA:172,0
DA:175,0
DA:177,0
DA:216,0
DA:217,0
DA:252,0
DA:253,0
DA:305,0
DA:306,0
DA:352,0
DA:370,0
DA:376,0
DA:398,0
DA:430,0
LF:61
LH:0
BRDA:89,0,0,0
BRDA:89,0,1,0
BRDA:121,1,0,0
BRDA:130,2,0,0
BRDA:130,2,1,0
BRDA:134,3,0,0
BRDA:134,3,1,0
BRDA:135,4,0,0
BRDA:135,4,1,0
BRDA:138,5,0,0
BRDA:138,5,1,0
BRDA:142,6,0,0
BRDA:142,6,1,0
BRDA:153,7,0,0
BRDA:153,7,1,0
BRDA:171,8,0,0
BRDA:171,8,1,0
BRDA:282,9,0,0
BRDA:282,9,1,0
BRDA:323,10,0,0
BRDA:323,10,1,0
BRDA:338,11,0,0
BRDA:338,11,1,0
BRDA:338,11,2,0
BRDA:356,12,0,0
BRDA:356,12,1,0
BRDA:363,13,0,0
BRDA:363,13,1,0
BRDA:367,14,0,0
BRDA:367,14,1,0
BRDA:374,15,0,0
BRDA:374,15,1,0
BRDA:384,16,0,0
BRDA:384,16,1,0
BRF:34
BRH:0
end_of_record
TN:
SF:components\workout\SetRow.tsx
FN:48,SetRowComponent
FN:68,(anonymous_11)
FN:69,(anonymous_12)
FN:87,(anonymous_13)
FN:93,(anonymous_14)
FN:99,(anonymous_15)
FN:105,(anonymous_16)
FN:111,(anonymous_17)
FN:118,(anonymous_18)
FN:150,(anonymous_19)
FN:158,(anonymous_20)
FN:164,(anonymous_21)
FN:175,(anonymous_22)
FN:185,(anonymous_23)
FN:200,(anonymous_24)
FN:212,(anonymous_25)
FN:219,(anonymous_26)
FN:225,(anonymous_27)
FN:231,(anonymous_28)
FN:236,(anonymous_29)
FN:244,(anonymous_30)
FN:253,(anonymous_31)
FN:262,(anonymous_32)
FN:271,(anonymous_33)
FN:279,(anonymous_34)
FN:288,(anonymous_35)
FN:307,(anonymous_36)
FN:320,(anonymous_37)
FN:339,(anonymous_38)
FN:352,(anonymous_39)
FN:371,(anonymous_40)
FN:384,(anonymous_41)
FN:402,(anonymous_42)
FN:421,(anonymous_43)
FN:437,(anonymous_44)
FN:511,(anonymous_45)
FNF:36
FNH:0
FNDA:0,SetRowComponent
FNDA:0,(anonymous_11)
FNDA:0,(anonymous_12)
FNDA:0,(anonymous_13)
FNDA:0,(anonymous_14)
FNDA:0,(anonymous_15)
FNDA:0,(anonymous_16)
FNDA:0,(anonymous_17)
FNDA:0,(anonymous_18)
FNDA:0,(anonymous_19)
FNDA:0,(anonymous_20)
FNDA:0,(anonymous_21)
FNDA:0,(anonymous_22)
FNDA:0,(anonymous_23)
FNDA:0,(anonymous_24)
FNDA:0,(anonymous_25)
FNDA:0,(anonymous_26)
FNDA:0,(anonymous_27)
FNDA:0,(anonymous_28)
FNDA:0,(anonymous_29)
FNDA:0,(anonymous_30)
FNDA:0,(anonymous_31)
FNDA:0,(anonymous_32)
FNDA:0,(anonymous_33)
FNDA:0,(anonymous_34)
FNDA:0,(anonymous_35)
FNDA:0,(anonymous_36)
FNDA:0,(anonymous_37)
FNDA:0,(anonymous_38)
FNDA:0,(anonymous_39)
FNDA:0,(anonymous_40)
FNDA:0,(anonymous_41)
FNDA:0,(anonymous_42)
FNDA:0,(anonymous_43)
FNDA:0,(anonymous_44)
FNDA:0,(anonymous_45)
DA:1,0
DA:2,0
DA:11,0
DA:12,0
DA:13,0
DA:14,0
DA:68,0
DA:69,0
DA:72,0
DA:73,0
DA:74,0
DA:75,0
DA:76,0
DA:79,0
DA:80,0
DA:81,0
DA:82,0
DA:83,0
DA:87,0
DA:88,0
DA:89,0
DA:93,0
DA:94,0
DA:95,0
DA:99,0
DA:100,0
DA:101,0
DA:105,0
DA:106,0
DA:107,0
DA:111,0
DA:112,0
DA:113,0
DA:118,0
DA:119,0
DA:120,0
DA:122,0
DA:123,0
DA:127,0
DA:128,0
DA:132,0
DA:133,0
DA:137,0
DA:138,0
DA:141,0
DA:146,0
DA:147,0
DA:150,0
DA:151,0
DA:152,0
DA:153,0
DA:158,0
DA:159,0
DA:160,0
DA:164,0
DA:165,0
DA:167,0
DA:176,0
DA:177,0
DA:185,0
DA:186,0
DA:188,0
DA:200,0
DA:202,0
DA:204,0
DA:205,0
DA:208,0
DA:212,0
DA:214,0
DA:215,0
DA:219,0
DA:220,0
DA:221,0
DA:225,0
DA:226,0
DA:227,0
DA:231,0
DA:232,0
DA:233,0
DA:236,0
DA:237,0
DA:238,0
DA:239,0
DA:244,0
DA:245,0
DA:246,0
DA:247,0
DA:250,0
DA:253,0
DA:254,0
DA:255,0
DA:256,0
DA:257,0
DA:262,0
DA:263,0
DA:264,0
DA:265,0
DA:268,0
DA:271,0
DA:272,0
DA:273,0
DA:274,0
DA:279,0
DA:280,0
DA:282,0
DA:288,0
DA:300,0
DA:307,0
DA:320,0
DA:332,0
DA:339,0
DA:352,0
DA:364,0
DA:371,0
DA:384,0
DA:396,0
DA:402,0
DA:414,0
DA:421,0
DA:437,0
DA:453,0
DA:511,0
DA:512,0
DA:527,0
DA:533,0
LF:125
LH:0
BRDA:60,0,0,0
BRDA:74,1,0,0
BRDA:74,1,1,0
BRDA:75,2,0,0
BRDA:75,2,1,0
BRDA:76,3,0,0
BRDA:76,3,1,0
BRDA:88,4,0,0
BRDA:88,4,1,0
BRDA:94,5,0,0
BRDA:94,5,1,0
BRDA:100,6,0,0
BRDA:100,6,1,0
BRDA:101,7,0,0
BRDA:101,7,1,0
BRDA:106,8,0,0
BRDA:106,8,1,0
BRDA:107,9,0,0
BRDA:107,9,1,0
BRDA:112,10,0,0
BRDA:112,10,1,0
BRDA:113,11,0,0
BRDA:113,11,1,0
BRDA:119,12,0,0
BRDA:119,12,1,0
BRDA:120,13,0,0
BRDA:120,13,1,0
BRDA:122,14,0,0
BRDA:122,14,1,0
BRDA:123,15,0,0
BRDA:123,15,1,0
BRDA:123,16,0,0
BRDA:123,16,1,0
BRDA:127,17,0,0
BRDA:127,17,1,0
BRDA:128,18,0,0
BRDA:128,18,1,0
BRDA:128,19,0,0
BRDA:128,19,1,0
BRDA:132,20,0,0
BRDA:132,20,1,0
BRDA:133,21,0,0
BRDA:133,21,1,0
BRDA:133,22,0,0
BRDA:133,22,1,0
BRDA:137,23,0,0
BRDA:137,23,1,0
BRDA:138,24,0,0
BRDA:138,24,1,0
BRDA:141,25,0,0
BRDA:141,25,1,0
BRDA:141,26,0,0
BRDA:141,26,1,0
BRDA:151,27,0,0
BRDA:151,27,1,0
BRDA:165,28,0,0
BRDA:165,28,1,0
BRDA:186,29,0,0
BRDA:186,29,1,0
BRDA:205,30,0,0
BRDA:205,30,1,0
BRDA:238,31,0,0
BRDA:238,31,1,0
BRDA:239,32,0,0
BRDA:239,32,1,0
BRDA:247,33,0,0
BRDA:247,33,1,0
BRDA:255,34,0,0
BRDA:255,34,1,0
BRDA:256,35,0,0
BRDA:256,35,1,0
BRDA:265,36,0,0
BRDA:265,36,1,0
BRDA:273,37,0,0
BRDA:273,37,1,0
BRDA:274,38,0,0
BRDA:274,38,1,0
BRDA:280,39,0,0
BRDA:280,39,1,0
BRDA:280,39,2,0
BRDA:280,39,3,0
BRDA:280,39,4,0
BRDA:280,39,5,0
BRDA:428,40,0,0
BRDA:428,40,1,0
BRDA:444,41,0,0
BRDA:444,41,1,0
BRDA:461,42,0,0
BRDA:461,42,1,0
BRDA:463,43,0,0
BRDA:463,43,1,0
BRDA:471,44,0,0
BRDA:471,44,1,0
BRDA:477,45,0,0
BRDA:477,45,1,0
BRDA:481,46,0,0
BRDA:481,46,1,0
BRDA:492,47,0,0
BRDA:492,47,1,0
BRDA:496,48,0,0
BRDA:496,48,1,0
BRDA:500,49,0,0
BRDA:500,49,1,0
BRDA:513,50,0,0
BRDA:513,50,1,0
BRDA:513,50,2,0
BRDA:513,50,3,0
BRDA:513,50,4,0
BRDA:513,50,5,0
BRDA:513,50,6,0
BRDA:513,50,7,0
BRDA:513,50,8,0
BRDA:513,50,9,0
BRDA:513,50,10,0
BRF:114
BRH:0
end_of_record
TN:
SF:components\workout\index.ts
FN:1,(anonymous_0)
FN:2,(anonymous_1)
FN:3,(anonymous_2)
FN:4,(anonymous_3)
FN:5,(anonymous_4)
FN:5,(anonymous_5)
FN:5,(anonymous_6)
FN:5,(anonymous_7)
FN:6,(anonymous_8)
FN:6,(anonymous_9)
FN:8,(anonymous_10)
FNF:11
FNH:0
FNDA:0,(anonymous_0)
FNDA:0,(anonymous_1)
FNDA:0,(anonymous_2)
FNDA:0,(anonymous_3)
FNDA:0,(anonymous_4)
FNDA:0,(anonymous_5)
FNDA:0,(anonymous_6)
FNDA:0,(anonymous_7)
FNDA:0,(anonymous_8)
FNDA:0,(anonymous_9)
FNDA:0,(anonymous_10)
DA:1,0
DA:2,0
DA:3,0
DA:4,0
DA:5,0
DA:6,0
DA:8,0
LF:7
LH:0
BRF:0
BRH:0
end_of_record
TN:
SF:hooks\index.ts
FN:1,(anonymous_0)
FN:1,(anonymous_1)
FN:3,(anonymous_2)
FN:4,(anonymous_3)
FN:5,(anonymous_4)
FN:5,(anonymous_5)
FN:5,(anonymous_6)
FN:7,(anonymous_7)
FN:10,(anonymous_8)
FN:11,(anonymous_9)
FN:12,(anonymous_10)
FN:13,(anonymous_11)
FN:14,(anonymous_12)
FN:15,(anonymous_13)
FN:16,(anonymous_14)
FN:19,(anonymous_15)
FN:20,(anonymous_16)
FN:21,(anonymous_17)
FN:22,(anonymous_18)
FN:26,(anonymous_19)
FN:27,(anonymous_20)
FN:28,(anonymous_21)
FN:29,(anonymous_22)
FN:30,(anonymous_23)
FN:31,(anonymous_24)
FN:32,(anonymous_25)
FN:33,(anonymous_26)
FN:35,(anonymous_27)
FN:37,(anonymous_28)
FN:38,(anonymous_29)
FN:39,(anonymous_30)
FN:40,(anonymous_31)
FN:41,(anonymous_32)
FN:43,(anonymous_33)
FN:44,(anonymous_34)
FN:45,(anonymous_35)
FNF:36
FNH:0
FNDA:0,(anonymous_0)
FNDA:0,(anonymous_1)
FNDA:0,(anonymous_2)
FNDA:0,(anonymous_3)
FNDA:0,(anonymous_4)
FNDA:0,(anonymous_5)
FNDA:0,(anonymous_6)
FNDA:0,(anonymous_7)
FNDA:0,(anonymous_8)
FNDA:0,(anonymous_9)
FNDA:0,(anonymous_10)
FNDA:0,(anonymous_11)
FNDA:0,(anonymous_12)
FNDA:0,(anonymous_13)
FNDA:0,(anonymous_14)
FNDA:0,(anonymous_15)
FNDA:0,(anonymous_16)
FNDA:0,(anonymous_17)
FNDA:0,(anonymous_18)
FNDA:0,(anonymous_19)
FNDA:0,(anonymous_20)
FNDA:0,(anonymous_21)
FNDA:0,(anonymous_22)
FNDA:0,(anonymous_23)
FNDA:0,(anonymous_24)
FNDA:0,(anonymous_25)
FNDA:0,(anonymous_26)
FNDA:0,(anonymous_27)
FNDA:0,(anonymous_28)
FNDA:0,(anonymous_29)
FNDA:0,(anonymous_30)
FNDA:0,(anonymous_31)
FNDA:0,(anonymous_32)
FNDA:0,(anonymous_33)
FNDA:0,(anonymous_34)
FNDA:0,(anonymous_35)
DA:1,0
DA:3,0
DA:4,0
DA:5,0
DA:7,0
DA:9,0
DA:10,0
DA:11,0
DA:12,0
DA:13,0
DA:14,0
DA:15,0
DA:16,0
DA:18,0
DA:19,0
DA:20,0
DA:21,0
DA:22,0
DA:25,0
DA:26,0
DA:27,0
DA:28,0
DA:29,0
DA:30,0
DA:31,0
DA:32,0
DA:33,0
DA:35,0
DA:36,0
DA:37,0
DA:38,0
DA:39,0
DA:40,0
DA:41,0
DA:43,0
DA:44,0
DA:45,0
LF:37
LH:0
BRF:0
BRH:0
end_of_record
TN:
SF:hooks\useDefaultTemplates.ts
FN:5,useDefaultTemplates
FN:10,(anonymous_1)
FN:11,loadTemplates
FN:17,(anonymous_3)
FNF:4
FNH:0
FNDA:0,useDefaultTemplates
FNDA:0,(anonymous_1)
FNDA:0,loadTemplates
FNDA:0,(anonymous_3)
DA:1,0
DA:2,0
DA:3,0
DA:5,0
DA:6,0
DA:7,0
DA:8,0
DA:10,0
DA:12,0
DA:13,0
DA:14,0
DA:17,0
DA:18,0
DA:20,0
DA:22,0
DA:23,0
DA:24,0
DA:27,0
DA:31,0
DA:32,0
DA:34,0
DA:35,0
DA:36,0
DA:37,0
DA:39,0
DA:42,0
DA:45,0
DA:49,0
DA:52,0
LF:29
LH:0
BRDA:17,0,0,0
BRDA:17,0,1,0
BRDA:17,1,0,0
BRDA:17,1,1,0
BRDA:23,2,0,0
BRDA:23,2,1,0
BRDA:36,3,0,0
BRDA:36,3,1,0
BRF:8
BRH:0
end_of_record
TN:
SF:hooks\useHealthConnect.ts
FN:4,useHealthConnect
FN:10,(anonymous_1)
FN:11,init
FN:24,(anonymous_3)
FN:34,(anonymous_4)
FN:46,(anonymous_5)
FNF:6
FNH:0
FNDA:0,useHealthConnect
FNDA:0,(anonymous_1)
FNDA:0,init
FNDA:0,(anonymous_3)
FNDA:0,(anonymous_4)
FNDA:0,(anonymous_5)
DA:1,0
DA:2,0
DA:4,0
DA:5,0
DA:6,0
DA:7,0
DA:8,0
DA:10,0
DA:12,0
DA:15,0
DA:16,0
DA:18,0
DA:20,0
DA:21,0
DA:24,0
DA:25,0
DA:28,0
DA:31,0
DA:34,0
DA:35,0
DA:36,0
DA:38,0
DA:39,0
DA:40,0
DA:43,0
DA:46,0
DA:47,0
DA:50,0
LF:28
LH:0
BRDA:18,0,0,0
BRDA:18,0,1,0
BRDA:38,1,0,0
BRDA:38,1,1,0
BRF:4
BRH:0
end_of_record
TN:
SF:hooks\useHealthSync.ts
FN:4,useHealthSync
FN:9,(anonymous_1)
FN:10,(anonymous_2)
FN:14,(anonymous_3)
FN:17,(anonymous_4)
FNF:5
FNH:0
FNDA:0,useHealthSync
FNDA:0,(anonymous_1)
FNDA:0,(anonymous_2)
FNDA:0,(anonymous_3)
FNDA:0,(anonymous_4)
DA:1,0
DA:2,0
DA:4,0
DA:5,0
DA:6,0
DA:9,0
DA:10,0
DA:11,0
DA:14,0
DA:17,0
DA:18,0
DA:19,0
DA:20,0
DA:21,0
DA:23,0
DA:27,0
LF:16
LH:0
BRF:0
BRH:0
end_of_record
TN:
SF:hooks\useImagePreload.ts
FN:11,useImagePreload
FN:22,(anonymous_1)
FN:25,(anonymous_2)
FN:30,(anonymous_3)
FN:34,(anonymous_4)
FN:38,(anonymous_5)
FNF:6
FNH:0
FNDA:0,useImagePreload
FNDA:0,(anonymous_1)
FNDA:0,(anonymous_2)
FNDA:0,(anonymous_3)
FNDA:0,(anonymous_4)
FNDA:0,(anonymous_5)
DA:1,0
DA:2,0
DA:3,0
DA:11,0
DA:16,0
DA:22,0
DA:23,0
DA:25,0
DA:26,0
DA:28,0
DA:29,0
DA:30,0
DA:31,0
DA:33,0
DA:34,0
DA:35,0
DA:38,0
DA:39,0
DA:47,0
DA:50,0
DA:53,0
DA:56,0
LF:22
LH:0
BRDA:23,0,0,0
BRDA:23,0,1,0
BRDA:29,1,0,0
BRDA:29,1,1,0
BRDA:33,2,0,0
BRDA:33,2,1,0
BRDA:42,3,0,0
BRDA:42,3,1,0
BRF:8
BRH:0
end_of_record
TN:
SF:hooks\useNetworkStatus.ts
FN:17,useNetworkStatus
FN:27,(anonymous_2)
FN:29,(anonymous_3)
FN:34,(anonymous_4)
FN:38,(anonymous_5)
FN:43,(anonymous_6)
FN:61,useIsOnline
FN:69,useIsWifi
FNF:8
FNH:0
FNDA:0,useNetworkStatus
FNDA:0,(anonymous_2)
FNDA:0,(anonymous_3)
FNDA:0,(anonymous_4)
FNDA:0,(anonymous_5)
FNDA:0,(anonymous_6)
FNDA:0,useIsOnline
FNDA:0,useIsWifi
DA:1,0
DA:2,0
DA:17,0
DA:18,0
DA:27,0
DA:29,0
DA:30,0
DA:34,0
DA:35,0
DA:38,0
DA:39,0
DA:43,0
DA:44,0
DA:54,0
DA:61,0
DA:62,0
DA:63,0
DA:69,0
DA:70,0
DA:71,0
DA:74,0
LF:21
LH:0
BRDA:45,0,0,0
BRDA:45,0,1,0
BRDA:50,1,0,0
BRDA:50,1,1,0
BRF:4
BRH:0
end_of_record
TN:
SF:hooks\useOfflineFirst.ts
FN:38,useOfflineFirst
FN:60,(anonymous_1)
FN:78,(anonymous_2)
FN:119,(anonymous_3)
FN:127,(anonymous_4)
FN:130,(anonymous_5)
FN:154,(anonymous_6)
FN:160,(anonymous_7)
FN:170,(anonymous_8)
FN:199,(anonymous_9)
FN:202,(anonymous_10)
FN:230,(anonymous_11)
FN:233,(anonymous_12)
FNF:13
FNH:0
FNDA:0,useOfflineFirst
FNDA:0,(anonymous_1)
FNDA:0,(anonymous_2)
FNDA:0,(anonymous_3)
FNDA:0,(anonymous_4)
FNDA:0,(anonymous_5)
FNDA:0,(anonymous_6)
FNDA:0,(anonymous_7)
FNDA:0,(anonymous_8)
FNDA:0,(anonymous_9)
FNDA:0,(anonymous_10)
FNDA:0,(anonymous_11)
FNDA:0,(anonymous_12)
DA:1,0
DA:2,0
DA:3,0
DA:4,0
DA:38,0
DA:48,0
DA:50,0
DA:51,0
DA:52,0
DA:53,0
DA:54,0
DA:55,0
DA:56,0
DA:57,0
DA:60,0
DA:61,0
DA:62,0
DA:63,0
DA:66,0
DA:67,0
DA:69,0
DA:71,0
DA:72,0
DA:73,0
DA:78,0
DA:79,0
DA:80,0
DA:81,0
DA:84,0
DA:85,0
DA:86,0
DA:89,0
DA:92,0
DA:95,0
DA:98,0
DA:101,0
DA:104,0
DA:105,0
DA:106,0
DA:108,0
DA:110,0
DA:111,0
DA:114,0
DA:119,0
DA:120,0
DA:121,0
DA:122,0
DA:127,0
DA:128,0
DA:130,0
DA:131,0
DA:134,0
DA:137,0
DA:139,0
DA:140,0
DA:142,0
DA:143,0
DA:147,0
DA:148,0
DA:152,0
DA:154,0
DA:155,0
DA:160,0
DA:161,0
DA:162,0
DA:163,0
DA:165,0
DA:169,0
DA:171,0
DA:173,0
DA:174,0
DA:175,0
DA:176,0
DA:179,0
DA:180,0
DA:190,0
DA:191,0
DA:198,0
DA:200,0
DA:201,0
DA:202,0
DA:204,0
DA:205,0
DA:206,0
DA:207,0
DA:209,0
DA:210,0
DA:221,0
DA:222,0
DA:229,0
DA:231,0
DA:232,0
DA:233,0
DA:234,0
DA:235,0
DA:237,0
DA:238,0
DA:248,0
DA:249,0
DA:255,0
DA:271,0
LF:101
LH:0
BRDA:41,0,0,0
BRDA:44,1,0,0
BRDA:45,2,0,0
BRDA:46,3,0,0
BRDA:47,4,0,0
BRDA:79,5,0,0
BRDA:79,5,1,0
BRDA:121,6,0,0
BRDA:121,6,1,0
BRDA:137,7,0,0
BRDA:137,7,1,0
BRDA:137,8,0,0
BRDA:137,8,1,0
BRDA:137,8,2,0
BRDA:140,9,0,0
BRDA:140,9,1,0
BRDA:142,10,0,0
BRDA:142,10,1,0
BRDA:147,11,0,0
BRDA:147,11,1,0
BRDA:161,12,0,0
BRDA:161,12,1,0
BRDA:161,13,0,0
BRDA:161,13,1,0
BRDA:161,13,2,0
BRDA:179,14,0,0
BRDA:179,14,1,0
BRDA:204,15,0,0
BRDA:204,15,1,0
BRDA:209,16,0,0
BRDA:209,16,1,0
BRDA:237,17,0,0
BRDA:237,17,1,0
BRF:33
BRH:0
end_of_record
TN:
SF:hooks\usePrefetchAI.ts
FN:17,usePrefetchAI
FN:20,(anonymous_1)
FN:25,(anonymous_2)
FNF:3
FNH:0
FNDA:0,usePrefetchAI
FNDA:0,(anonymous_1)
FNDA:0,(anonymous_2)
DA:1,0
DA:2,0
DA:3,0
DA:4,0
DA:17,0
DA:18,0
DA:20,0
DA:21,0
DA:22,0
DA:25,0
DA:26,0
LF:11
LH:0
BRDA:21,0,0,0
BRDA:21,0,1,0
BRF:2
BRH:0
end_of_record
TN:
SF:hooks\useRealtime.ts
FN:10,useRealtimeWorkouts
FN:13,(anonymous_1)
FN:14,(anonymous_2)
FN:20,(anonymous_3)
FN:29,useRealtimeTemplates
FN:32,(anonymous_5)
FN:33,(anonymous_6)
FN:39,(anonymous_7)
FN:48,useRealtimeWeightLog
FN:51,(anonymous_9)
FN:52,(anonymous_10)
FN:58,(anonymous_11)
FN:67,useRealtimeMeasurements
FN:70,(anonymous_13)
FN:71,(anonymous_14)
FN:77,(anonymous_15)
FN:86,useRealtimePersonalRecords
FN:89,(anonymous_17)
FN:90,(anonymous_18)
FN:96,(anonymous_19)
FN:105,useRealtimeStatus
FN:109,(anonymous_21)
FN:114,(anonymous_22)
FN:119,(anonymous_23)
FN:123,(anonymous_24)
FN:130,(anonymous_25)
FN:147,useConflictDetection
FN:151,(anonymous_27)
FN:152,(anonymous_28)
FN:154,(anonymous_29)
FN:159,(anonymous_30)
FN:168,useEvent
FN:169,(anonymous_32)
FN:171,(anonymous_33)
FNF:34
FNH:0
FNDA:0,useRealtimeWorkouts
FNDA:0,(anonymous_1)
FNDA:0,(anonymous_2)
FNDA:0,(anonymous_3)
FNDA:0,useRealtimeTemplates
FNDA:0,(anonymous_5)
FNDA:0,(anonymous_6)
FNDA:0,(anonymous_7)
FNDA:0,useRealtimeWeightLog
FNDA:0,(anonymous_9)
FNDA:0,(anonymous_10)
FNDA:0,(anonymous_11)
FNDA:0,useRealtimeMeasurements
FNDA:0,(anonymous_13)
FNDA:0,(anonymous_14)
FNDA:0,(anonymous_15)
FNDA:0,useRealtimePersonalRecords
FNDA:0,(anonymous_17)
FNDA:0,(anonymous_18)
FNDA:0,(anonymous_19)
FNDA:0,useRealtimeStatus
FNDA:0,(anonymous_21)
FNDA:0,(anonymous_22)
FNDA:0,(anonymous_23)
FNDA:0,(anonymous_24)
FNDA:0,(anonymous_25)
FNDA:0,useConflictDetection
FNDA:0,(anonymous_27)
FNDA:0,(anonymous_28)
FNDA:0,(anonymous_29)
FNDA:0,(anonymous_30)
FNDA:0,useEvent
FNDA:0,(anonymous_32)
FNDA:0,(anonymous_33)
DA:1,0
DA:2,0
DA:3,0
DA:4,0
DA:10,0
DA:11,0
DA:13,0
DA:14,0
DA:15,0
DA:16,0
DA:17,0
DA:20,0
DA:23,0
DA:29,0
DA:30,0
DA:32,0
DA:33,0
DA:34,0
DA:35,0
DA:36,0
DA:39,0
DA:42,0
DA:48,0
DA:49,0
DA:51,0
DA:52,0
DA:53,0
DA:54,0
DA:55,0
DA:58,0
DA:61,0
DA:67,0
DA:68,0
DA:70,0
DA:71,0
DA:72,0
DA:73,0
DA:74,0
DA:77,0
DA:80,0
DA:86,0
DA:87,0
DA:89,0
DA:90,0
DA:91,0
DA:92,0
DA:93,0
DA:96,0
DA:99,0
DA:105,0
DA:106,0
DA:107,0
DA:109,0
DA:110,0
DA:111,0
DA:114,0
DA:116,0
DA:119,0
DA:120,0
DA:123,0
DA:124,0
DA:128,0
DA:130,0
DA:131,0
DA:132,0
DA:133,0
DA:137,0
DA:147,0
DA:148,0
DA:149,0
DA:151,0
DA:152,0
DA:153,0
DA:154,0
DA:155,0
DA:156,0
DA:159,0
DA:162,0
DA:168,0
DA:169,0
DA:170,0
DA:171,0
DA:175,0
LF:83
LH:0
BRF:0
BRH:0
end_of_record
TN:
SF:hooks\useSyncQueue.ts
FN:33,useSyncQueue
FN:43,(anonymous_1)
FN:44,(anonymous_2)
FN:50,(anonymous_3)
FN:51,(anonymous_4)
FN:55,(anonymous_5)
FN:64,(anonymous_6)
FN:68,(anonymous_7)
FN:89,(anonymous_8)
FN:110,(anonymous_9)
FN:115,(anonymous_10)
FN:145,usePendingSyncCount
FN:148,(anonymous_12)
FN:149,(anonymous_13)
FN:157,(anonymous_14)
FN:167,useSyncOnMount
FN:170,(anonymous_16)
FN:180,useSyncTable
FN:184,(anonymous_18)
FN:196,(anonymous_19)
FNF:20
FNH:0
FNDA:0,useSyncQueue
FNDA:0,(anonymous_1)
FNDA:0,(anonymous_2)
FNDA:0,(anonymous_3)
FNDA:0,(anonymous_4)
FNDA:0,(anonymous_5)
FNDA:0,(anonymous_6)
FNDA:0,(anonymous_7)
FNDA:0,(anonymous_8)
FNDA:0,(anonymous_9)
FNDA:0,(anonymous_10)
FNDA:0,usePendingSyncCount
FNDA:0,(anonymous_12)
FNDA:0,(anonymous_13)
FNDA:0,(anonymous_14)
FNDA:0,useSyncOnMount
FNDA:0,(anonymous_16)
FNDA:0,useSyncTable
FNDA:0,(anonymous_18)
FNDA:0,(anonymous_19)
DA:1,0
DA:2,0
DA:3,0
DA:4,0
DA:33,0
DA:34,0
DA:35,0
DA:36,0
DA:37,0
DA:38,0
DA:39,0
DA:40,0
DA:43,0
DA:44,0
DA:45,0
DA:46,0
DA:47,0
DA:50,0
DA:51,0
DA:53,0
DA:54,0
DA:55,0
DA:59,0
DA:62,0
DA:64,0
DA:68,0
DA:69,0
DA:70,0
DA:78,0
DA:79,0
DA:80,0
DA:81,0
DA:82,0
DA:84,0
DA:89,0
DA:90,0
DA:91,0
DA:99,0
DA:100,0
DA:101,0
DA:102,0
DA:103,0
[...]
DA:148,0
DA:149,0
DA:150,0
DA:151,0
DA:152,0
DA:157,0
DA:158,0
DA:159,0
DA:160,0
DA:161,0
DA:164,0
DA:165,0
DA:166,0
DA:179,0
DA:180,0
DA:181,0
DA:182,0
DA:183,0
DA:184,0
DA:185,0
DA:186,0
DA:187,0
DA:188,0
LF:48
LH:0
BRDA:61,0,0,0
BRDA:61,0,1,0
BRDA:70,1,0,0
BRDA:70,1,1,0
BRDA:89,2,0,0
BRDA:89,2,1,0
BRDA:89,3,0,0
BRDA:89,3,1,0
BRDA:92,4,0,0
BRDA:92,4,1,0
BRDA:104,5,0,0
BRDA:104,5,1,0
BRDA:113,6,0,0
BRDA:113,6,1,0
BRDA:122,7,0,0
BRDA:122,7,1,0
BRDA:131,8,0,0
BRDA:131,8,1,0
BRDA:140,9,0,0
BRDA:140,9,1,0
BRDA:165,10,0,0
BRDA:165,10,1,0
BRF:22
BRH:0
end_of_record
TN:
SF:lib\utils\measurementUtils.ts
FN:4,(anonymous_0)
FN:26,(anonymous_1)
FN:69,(anonymous_2)
FN:100,(anonymous_3)
FNF:4
FNH:0
FNDA:0,(anonymous_0)
FNDA:0,(anonymous_1)
FNDA:0,(anonymous_2)
FNDA:0,(anonymous_3)
DA:4,0
DA:5,0
DA:7,0
DA:9,0
DA:11,0
DA:13,0
DA:15,0
DA:17,0
DA:19,0
DA:26,0
DA:30,0
DA:32,0
DA:37,0
DA:42,0
DA:43,0
DA:44,0
DA:49,0
DA:54,0
DA:57,0
DA:62,0
DA:69,0
DA:73,0
DA:75,0
DA:78,0
DA:81,0
DA:84,0
DA:87,0
DA:90,0
DA:93,0
DA:100,0
DA:101,0
DA:112,0
DA:114,0
DA:117,0
DA:120,0
DA:123,0
DA:126,0
DA:129,0
DA:132,0
LF:39
LH:0
BRDA:5,0,0,0
BRDA:5,0,1,0
BRDA:5,0,2,0
BRDA:5,0,3,0
BRDA:5,0,4,0
BRDA:5,0,5,0
BRDA:5,0,6,0
BRDA:30,1,0,0
BRDA:30,1,1,0
BRDA:30,1,2,0
BRDA:30,1,3,0
BRDA:30,1,4,0
BRDA:30,1,5,0
BRDA:30,1,6,0
BRDA:32,2,0,0
BRDA:32,2,1,0
BRDA:32,3,0,0
BRDA:32,3,1,0
BRDA:37,4,0,0
BRDA:37,4,1,0
BRDA:42,5,0,0
BRDA:42,5,1,0
BRDA:43,6,0,0
BRDA:43,6,1,0
BRDA:44,7,0,0
BRDA:44,7,1,0
BRDA:44,8,0,0
BRDA:44,8,1,0
BRDA:49,9,0,0
BRDA:49,9,1,0
BRDA:49,10,0,0
BRDA:49,10,1,0
BRDA:54,11,0,0
BRDA:54,11,1,0
BRDA:57,12,0,0
BRDA:57,12,1,0
BRDA:57,13,0,0
BRDA:57,13,1,0
BRDA:73,14,0,0
BRDA:73,14,1,0
BRDA:73,14,2,0
BRDA:73,14,3,0
BRDA:73,14,4,0
BRDA:73,14,5,0
BRDA:73,14,6,0
BRDA:75,15,0,0
BRDA:75,15,1,0
BRDA:81,16,0,0
BRDA:81,16,1,0
BRDA:84,17,0,0
BRDA:84,17,1,0
BRDA:90,18,0,0
BRDA:90,18,1,0
BRDA:112,19,0,0
BRDA:112,19,1,0
BRDA:112,19,2,0
BRDA:112,19,3,0
BRDA:112,19,4,0
BRDA:112,19,5,0
BRDA:112,19,6,0
BRF:60
BRH:0
end_of_record
TN:
SF:lib\utils\photoComparison.ts
FN:11,createComparisonImage
FN:54,cropImagePortion
FN:88,calculateTimeDifference
FN:117,saveComparisonImage
FN:141,getSavedComparisons
FN:150,(anonymous_14)
FN:157,deleteComparisonImage
FNF:7
FNH:0
FNDA:0,createComparisonImage
FNDA:0,cropImagePortion
FNDA:0,calculateTimeDifference
FNDA:0,saveComparisonImage
FNDA:0,getSavedComparisons
FNDA:0,(anonymous_14)
FNDA:0,deleteComparisonImage
DA:1,0
DA:2,0
DA:3,0
DA:11,0
DA:16,0
DA:19,0
DA:24,0
DA:25,0
DA:28,0
DA:34,0
DA:45,0
DA:54,0
DA:59,0
DA:61,0
DA:62,0
DA:64,0
DA:79,0
DA:88,0
DA:92,0
DA:93,0
DA:95,0
DA:96,0
DA:97,0
DA:100,0
DA:101,0
DA:102,0
DA:105,0
DA:106,0
DA:107,0
DA:109,0
DA:117,0
DA:118,0
DA:121,0
DA:122,0
DA:123,0
DA:126,0
DA:127,0
DA:129,0
DA:134,0
DA:141,0
DA:142,0
DA:144,0
DA:145,0
DA:146,0
DA:149,0
DA:150,0
DA:157,0
DA:158,0
DA:159,0
DA:160,0
LF:50
LH:0
BRDA:57,0,0,0
BRDA:62,1,0,0
BRDA:62,1,1,0
BRDA:96,2,0,0
BRDA:96,2,1,0
BRDA:97,3,0,0
BRDA:97,3,1,0
BRDA:101,4,0,0
BRDA:101,4,1,0
BRDA:102,5,0,0
BRDA:102,5,1,0
BRDA:106,6,0,0
BRDA:106,6,1,0
BRDA:109,7,0,0
BRDA:109,7,1,0
BRDA:122,8,0,0
BRDA:122,8,1,0
BRDA:145,9,0,0
BRDA:145,9,1,0
BRDA:159,10,0,0
BRDA:159,10,1,0
BRF:21
BRH:0
end_of_record
TN:
SF:lib\utils\photoPrivacy.ts
FN:38,getPhotoPrivacySettings
FN:60,updatePhotoPrivacySettings
FN:81,isCloudSyncEnabled
FN:89,requiresAuthToView
FN:97,enableCloudSync
FN:104,disableCloudSync
FN:111,enableBiometricAuth
FN:118,disableBiometricAuth
FN:154,getSecurePhotoDirectory
FN:163,shouldSyncPhoto
FN:171,getPrivacyStatusSummary
FNF:11
FNH:0
FNDA:0,getPhotoPrivacySettings
FNDA:0,updatePhotoPrivacySettings
FNDA:0,isCloudSyncEnabled
FNDA:0,requiresAuthToView
FNDA:0,enableCloudSync
FNDA:0,disableCloudSync
FNDA:0,enableBiometricAuth
FNDA:0,disableBiometricAuth
FNDA:0,getSecurePhotoDirectory
FNDA:0,shouldSyncPhoto
FNDA:0,getPrivacyStatusSummary
DA:1,0
DA:5,0
DA:18,0
DA:24,0
DA:38,0
DA:39,0
DA:40,0
DA:41,0
DA:42,0
DA:44,0
DA:50,0
DA:52,0
DA:53,0
DA:60,0
DA:63,0
DA:64,0
DA:65,0
DA:70,0
DA:71,0
DA:73,0
DA:74,0
DA:81,0
DA:82,0
DA:83,0
DA:89,0
DA:90,0
DA:91,0
DA:97,0
DA:98,0
DA:104,0
DA:105,0
DA:111,0
DA:112,0
DA:118,0
DA:119,0
DA:126,0
DA:154,0
DA:157,0
DA:163,0
DA:164,0
DA:165,0
DA:171,0
DA:176,0
DA:178,0
DA:179,0
DA:186,0
DA:187,0
DA:194,0
LF:48
LH:0
BRDA:41,0,0,0
BRDA:41,0,1,0
BRDA:178,1,0,0
BRDA:178,1,1,0
BRDA:186,2,0,0
BRDA:186,2,1,0
BRF:6
BRH:0
end_of_record
TN:
SF:lib\utils\sounds.ts
FN:21,(anonymous_0)
FN:86,(anonymous_1)
FN:114,(anonymous_2)
FN:142,(anonymous_3)
FN:170,(anonymous_4)
FN:197,(anonymous_5)
FN:206,(anonymous_6)
FN:207,(anonymous_7)
FN:208,(anonymous_8)
FN:209,(anonymous_9)
FN:210,(anonymous_10)
FN:211,(anonymous_11)
FNF:12
FNH:0
FNDA:0,(anonymous_0)
FNDA:0,(anonymous_1)
FNDA:0,(anonymous_2)
FNDA:0,(anonymous_3)
FNDA:0,(anonymous_4)
FNDA:0,(anonymous_5)
FNDA:0,(anonymous_6)
FNDA:0,(anonymous_7)
FNDA:0,(anonymous_8)
FNDA:0,(anonymous_9)
FNDA:0,(anonymous_10)
FNDA:0,(anonymous_11)
DA:1,0
DA:2,0
DA:3,0
DA:11,0
DA:12,0
DA:13,0
DA:14,0
DA:15,0
DA:22,0
DA:23,0
DA:24,0
DA:27,0
DA:29,0
DA:31,0
DA:38,0
DA:39,0
DA:43,0
DA:44,0
DA:46,0
DA:50,0
DA:51,0
DA:55,0
DA:56,0
DA:58,0
DA:62,0
DA:63,0
DA:67,0
DA:68,0
DA:70,0
DA:73,0
DA:74,0
DA:75,0
DA:77,0
DA:78,0
DA:87,0
DA:88,0
DA:89,0
DA:90,0
DA:91,0
DA:93,0
DA:94,0
DA:95,0
DA:96,0
DA:98,0
DA:99,0
DA:100,0
DA:101,0
DA:103,0
DA:104,0
DA:106,0
DA:115,0
DA:118,0
DA:119,0
DA:120,0
DA:123,0
DA:124,0
DA:125,0
DA:128,0
DA:130,0
DA:131,0
DA:132,0
DA:134,0
DA:143,0
DA:146,0
DA:147,0
DA:148,0
DA:151,0
DA:152,0
DA:153,0
DA:156,0
DA:158,0
DA:159,0
DA:160,0
DA:162,0
DA:171,0
DA:174,0
DA:175,0
DA:176,0
DA:179,0
DA:180,0
DA:181,0
DA:184,0
DA:186,0
DA:187,0
DA:188,0
DA:190,0
DA:198,0
DA:203,0
DA:206,0
DA:207,0
DA:208,0
DA:209,0
DA:210,0
DA:211,0
LF:94
LH:0
BRDA:22,0,0,0
BRDA:22,0,1,0
BRDA:22,1,0,0
BRDA:22,1,1,0
BRDA:88,2,0,0
BRDA:88,2,1,0
BRDA:93,3,0,0
BRDA:93,3,1,0
BRDA:98,4,0,0
BRDA:98,4,1,0
BRDA:118,5,0,0
BRDA:118,5,1,0
BRDA:118,6,0,0
BRDA:118,6,1,0
BRDA:123,7,0,0
BRDA:123,7,1,0
BRDA:146,8,0,0
BRDA:146,8,1,0
BRDA:151,9,0,0
BRDA:151,9,1,0
BRDA:174,10,0,0
BRDA:174,10,1,0
BRDA:179,11,0,0
BRDA:179,11,1,0
BRF:24
BRH:0
end_of_record
TN:
SF:lib\utils\streaks.ts
FN:33,calculateCurrentStreak
FN:38,(anonymous_1)
FN:39,(anonymous_2)
FN:74,calculateLongestStreak
FN:79,(anonymous_4)
FN:80,(anonymous_5)
FN:109,isInCurrentStreak
FN:114,(anonymous_7)
FN:115,(anonymous_8)
FN:128,getStreakMessage
FN:150,getAllStreaks
FN:155,(anonymous_11)
FN:160,(anonymous_12)
FN:203,isStreakAtRisk
FN:207,(anonymous_14)
FN:211,(anonymous_15)
FN:226,getDaysUntilStreakLost
FN:230,(anonymous_17)
FN:234,(anonymous_18)
FN:262,calculateWorkoutFrequency
FN:272,(anonymous_20)
FN:273,(anonymous_21)
FNF:22
FNH:0
FNDA:0,calculateCurrentStreak
FNDA:0,(anonymous_1)
FNDA:0,(anonymous_2)
FNDA:0,calculateLongestStreak
FNDA:0,(anonymous_4)
FNDA:0,(anonymous_5)
FNDA:0,isInCurrentStreak
FNDA:0,(anonymous_7)
FNDA:0,(anonymous_8)
FNDA:0,getStreakMessage
FNDA:0,getAllStreaks
FNDA:0,(anonymous_11)
FNDA:0,(anonymous_12)
FNDA:0,isStreakAtRisk
FNDA:0,(anonymous_14)
FNDA:0,(anonymous_15)
FNDA:0,getDaysUntilStreakLost
FNDA:0,(anonymous_17)
FNDA:0,(anonymous_18)
FNDA:0,calculateWorkoutFrequency
FNDA:0,(anonymous_20)
FNDA:0,(anonymous_21)
DA:1,0
DA:33,0
DA:34,0
DA:37,0
DA:38,0
DA:39,0
DA:41,0
DA:43,0
DA:44,0
DA:45,0
DA:48,0
DA:49,0
DA:52,0
DA:54,0
DA:55,0
DA:56,0
DA:57,0
DA:59,0
DA:60,0
DA:62,0
DA:66,0
DA:74,0
DA:75,0
DA:78,0
DA:79,0
DA:80,0
DA:82,0
DA:84,0
DA:85,0
DA:87,0
DA:88,0
DA:89,0
DA:90,0
DA:92,0
DA:93,0
DA:94,0
DA:96,0
DA:100,0
DA:109,0
DA:110,0
DA:111,0
DA:113,0
DA:114,0
DA:115,0
DA:117,0
DA:118,0
DA:120,0
DA:128,0
DA:129,0
DA:130,0
DA:131,0
DA:132,0
DA:133,0
DA:134,0
DA:135,0
DA:150,0
DA:151,0
DA:154,0
DA:157,0
DA:158,0
DA:160,0
DA:162,0
DA:164,0
DA:165,0
DA:166,0
DA:168,0
DA:169,0
DA:170,0
DA:171,0
DA:173,0
DA:175,0
DA:178,0
DA:183,0
DA:184,0
DA:189,0
DA:195,0
DA:203,0
DA:204,0
DA:206,0
DA:208,0
DA:209,0
DA:211,0
DA:213,0
DA:214,0
DA:215,0
DA:218,0
DA:226,0
DA:227,0
DA:229,0
DA:231,0
DA:232,0
DA:234,0
DA:236,0
DA:237,0
DA:238,0
DA:240,0
DA:241,0
DA:242,0
DA:243,0
DA:245,0
DA:262,0
DA:266,0
DA:267,0
DA:268,0
DA:271,0
DA:272,0
DA:273,0
DA:275,0
DA:276,0
DA:277,0
DA:278,0
DA:279,0
DA:281,0
LF:113
LH:0
BRDA:34,0,0,0
BRDA:34,0,1,0
BRDA:41,1,0,0
BRDA:41,1,1,0
BRDA:48,2,0,0
BRDA:48,2,1,0
BRDA:48,3,0,0
BRDA:48,3,1,0
BRDA:59,4,0,0
BRDA:59,4,1,0
BRDA:75,5,0,0
BRDA:75,5,1,0
BRDA:82,6,0,0
BRDA:82,6,1,0
BRDA:92,7,0,0
BRDA:92,7,1,0
BRDA:111,8,0,0
BRDA:111,8,1,0
BRDA:129,9,0,0
BRDA:129,9,1,0
BRDA:130,10,0,0
BRDA:130,10,1,0
BRDA:131,11,0,0
BRDA:131,11,1,0
BRDA:132,12,0,0
BRDA:132,12,1,0
BRDA:133,13,0,0
BRDA:133,13,1,0
BRDA:134,14,0,0
BRDA:134,14,1,0
BRDA:151,15,0,0
BRDA:151,15,1,0
BRDA:157,16,0,0
BRDA:157,16,1,0
BRDA:162,17,0,0
BRDA:162,17,1,0
BRDA:173,18,0,0
BRDA:173,18,1,0
BRDA:204,19,0,0
BRDA:204,19,1,0
BRDA:208,20,0,0
BRDA:208,20,1,0
BRDA:227,21,0,0
BRDA:227,21,1,0
BRDA:231,22,0,0
BRDA:231,22,1,0
BRDA:240,23,0,0
BRDA:240,23,1,0
BRDA:242,24,0,0
BRDA:242,24,1,0
BRDA:264,25,0,0
BRDA:272,26,0,0
BRDA:272,26,1,0
BRF:53
BRH:0
end_of_record
TN:
SF:lib\utils\templateShare.ts
FN:13,generateTemplateShareText
FN:22,(anonymous_10)
FN:56,generateDetailedShareText
FN:76,(anonymous_12)
FN:116,generateTemplateJSON
FN:126,(anonymous_14)
FN:149,copyTemplateToClipboard
FN:163,shareTemplate
FN:188,shareTemplateAsJSON
FN:213,copyTemplateJSONToClipboard
FNF:10
FNH:0
FNDA:0,generateTemplateShareText
FNDA:0,(anonymous_10)
FNDA:0,generateDetailedShareText
FNDA:0,(anonymous_12)
FNDA:0,generateTemplateJSON
FNDA:0,(anonymous_14)
FNDA:0,copyTemplateToClipboard
FNDA:0,shareTemplate
FNDA:0,shareTemplateAsJSON
FNDA:0,copyTemplateJSONToClipboard
DA:1,0
DA:2,0
DA:3,0
DA:13,0
DA:14,0
DA:16,0
DA:17,0
DA:20,0
DA:22,0
DA:23,0
DA:24,0
DA:26,0
DA:27,0
DA:28,0
DA:29,0
DA:30,0
DA:31,0
DA:32,0
DA:34,0
DA:37,0
DA:40,0
DA:41,0
DA:44,0
DA:45,0
DA:48,0
DA:50,0
DA:56,0
DA:57,0
DA:58,0
DA:59,0
DA:61,0
DA:62,0
DA:65,0
DA:66,0
DA:69,0
DA:70,0
DA:73,0
DA:74,0
DA:76,0
DA:77,0
DA:78,0
DA:80,0
DA:81,0
DA:82,0
DA:83,0
DA:84,0
DA:86,0
DA:89,0
DA:90,0
DA:92,0
DA:93,0
DA:96,0
DA:98,0
DA:99,0
DA:103,0
DA:104,0
DA:106,0
DA:116,0
DA:117,0
DA:126,0
DA:139,0
DA:149,0
DA:150,0
DA:151,0
DA:152,0
DA:153,0
DA:155,0
DA:156,0
DA:163,0
DA:164,0
DA:165,0
DA:167,0
DA:178,0
DA:180,0
DA:181,0
DA:188,0
DA:189,0
DA:190,0
DA:192,0
DA:203,0
DA:205,0
DA:206,0
DA:213,0
DA:214,0
DA:215,0
DA:216,0
DA:217,0
DA:219,0
DA:220,0
LF:89
LH:0
BRDA:16,0,0,0
BRDA:16,0,1,0
BRDA:22,1,0,0
BRDA:22,1,1,0
BRDA:23,2,0,0
BRDA:23,2,1,0
BRDA:24,3,0,0
BRDA:24,3,1,0
BRDA:27,4,0,0
BRDA:27,4,1,0
BRDA:27,5,0,0
BRDA:27,5,1,0
BRDA:29,6,0,0
BRDA:29,6,1,0
BRDA:31,7,0,0
BRDA:31,7,1,0
BRDA:40,8,0,0
BRDA:40,8,1,0
BRDA:40,9,0,0
BRDA:40,9,1,0
BRDA:44,10,0,0
BRDA:44,10,1,0
BRDA:61,11,0,0
BRDA:61,11,1,0
BRDA:65,12,0,0
BRDA:65,12,1,0
BRDA:65,13,0,0
BRDA:65,13,1,0
BRDA:69,14,0,0
BRDA:69,14,1,0
BRDA:76,15,0,0
BRDA:76,15,1,0
BRDA:77,16,0,0
BRDA:77,16,1,0
BRDA:78,17,0,0
BRDA:78,17,1,0
BRDA:81,18,0,0
BRDA:81,18,1,0
BRDA:81,19,0,0
BRDA:81,19,1,0
BRDA:83,20,0,0
BRDA:83,20,1,0
BRDA:92,21,0,0
BRDA:92,21,1,0
BRDA:98,22,0,0
BRDA:98,22,1,0
BRDA:126,23,0,0
BRDA:126,23,1,0
BRF:48
BRH:0
end_of_record
TN:
SF:lib\utils\unitConversion.ts
FN:17,convertWeight
FN:27,lbsToKg
FN:31,kgToLbs
FN:36,convertMeasurement
FN:46,inchesToCm
FN:50,cmToInches
FN:54,feetAndInchesToCm
FN:59,cmToFeetAndInches
FN:67,convertDistance
FN:77,milesToKm
FN:81,kmToMiles
FN:86,formatWeight
FN:93,formatMeasurement
FN:104,formatHeight
FN:118,convertWeightForDisplay
FN:128,convertMeasurementForDisplay
FN:139,convertWeightToDatabase
FN:146,convertMeasurementToDatabase
FN:154,getWeightUnitLabel
FN:159,getMeasurementUnitLabel
FN:164,getConversionPreview
FNF:21
FNH:20
FNDA:8,convertWeight
FNDA:2,lbsToKg
FNDA:2,kgToLbs
FNDA:8,convertMeasurement
FNDA:3,inchesToCm
FNDA:4,cmToInches
FNDA:2,feetAndInchesToCm
FNDA:3,cmToFeetAndInches
FNDA:4,convertDistance
FNDA:1,milesToKm
FNDA:1,kmToMiles
FNDA:7,formatWeight
FNDA:3,formatMeasurement
FNDA:3,formatHeight
FNDA:3,convertWeightForDisplay
FNDA:3,convertMeasurementForDisplay
FNDA:2,convertWeightToDatabase
FNDA:2,convertMeasurementToDatabase
FNDA:2,getWeightUnitLabel
FNDA:2,getMeasurementUnitLabel
FNDA:0,getConversionPreview
DA:7,1
DA:17,1
DA:22,8
DA:23,4
DA:24,2
DA:27,1
DA:28,2
DA:31,1
DA:32,2
DA:36,1
DA:41,8
DA:42,4
DA:43,2
DA:46,1
DA:47,3
DA:50,1
DA:51,4
DA:54,1
DA:55,2
DA:56,2
DA:59,1
DA:60,3
DA:61,3
DA:62,3
DA:63,3
DA:67,1
DA:72,4
DA:73,2
DA:74,1
DA:77,1
DA:78,1
DA:81,1
DA:82,1
DA:86,1
DA:87,7
DA:88,3
DA:90,4
DA:93,1
DA:98,3
DA:99,1
DA:101,2
DA:104,1
DA:105,3
DA:106,1
DA:109,2
DA:110,1
DA:111,1
DA:113,1
DA:118,1
DA:122,3
DA:123,1
DA:125,2
DA:128,1
DA:132,3
DA:133,1
DA:135,2
DA:139,1
DA:143,2
DA:146,1
DA:150,2
DA:154,1
DA:155,2
DA:159,1
DA:160,2
DA:164,1
DA:165,0
DA:166,0
DA:168,0
LF:68
LH:65
BRDA:22,0,0,4
BRDA:22,0,1,4
BRDA:23,1,0,2
BRDA:23,1,1,2
BRDA:23,2,0,4
BRDA:23,2,1,2
BRDA:41,3,0,4
BRDA:41,3,1,4
BRDA:42,4,0,2
BRDA:42,4,1,2
BRDA:42,5,0,4
BRDA:42,5,1,2
BRDA:72,6,0,2
BRDA:72,6,1,2
BRDA:73,7,0,1
BRDA:73,7,1,1
BRDA:73,8,0,2
BRDA:73,8,1,1
BRDA:86,9,0,5
BRDA:87,10,0,3
BRDA:87,10,1,4
BRDA:87,11,0,7
BRDA:87,11,1,6
BRDA:87,11,2,5
BRDA:96,12,0,3
BRDA:98,13,0,1
BRDA:98,13,1,2
BRDA:98,14,0,3
BRDA:98,14,1,2
BRDA:98,14,2,2
BRDA:105,15,0,1
BRDA:105,15,1,2
BRDA:105,16,0,3
BRDA:105,16,1,2
BRDA:105,16,2,2
BRDA:109,17,0,1
BRDA:109,17,1,1
BRDA:122,18,0,1
BRDA:122,18,1,2
BRDA:122,19,0,3
BRDA:122,19,1,2
BRDA:132,20,0,1
BRDA:132,20,1,2
BRDA:132,21,0,3
BRDA:132,21,1,2
BRDA:155,22,0,1
BRDA:155,22,1,1
BRDA:160,23,0,1
BRDA:160,23,1,1
BRDA:165,24,0,0
BRDA:165,24,1,0
BRF:51
BRH:49
end_of_record
TN:
SF:lib\utils\units.ts
FN:20,displayWeight
FN:36,convertWeightForDisplay
FN:49,convertWeightToCanonical
FN:64,getWeightLabel
FN:71,formatWeight
FN:83,roundWeightToPlate
FN:100,getPlateIncrements
FN:110,getWeightIncrementButtons
FN:124,displayLength
FN:140,convertLengthForDisplay
FN:153,convertLengthToCanonical
FN:168,getLengthLabel
FN:175,formatLength
FN:191,displayHeight
FN:213,convertHeightToCanonical
FN:235,parseHeightToFeetInches
FNF:16
FNH:0
FNDA:0,displayWeight
FNDA:0,convertWeightForDisplay
FNDA:0,convertWeightToCanonical
FNDA:0,getWeightLabel
FNDA:0,formatWeight
FNDA:0,roundWeightToPlate
FNDA:0,getPlateIncrements
FNDA:0,getWeightIncrementButtons
FNDA:0,displayLength
FNDA:0,convertLengthForDisplay
FNDA:0,convertLengthToCanonical
FNDA:0,getLengthLabel
FNDA:0,formatLength
FNDA:0,displayHeight
FNDA:0,convertHeightToCanonical
FNDA:0,parseHeightToFeetInches
DA:5,0
DA:6,0
DA:7,0
DA:8,0
DA:20,0
DA:25,0
DA:27,0
DA:28,0
DA:30,0
DA:36,0
DA:40,0
DA:41,0
DA:43,0
DA:49,0
DA:53,0
DA:55,0
DA:58,0
DA:64,0
DA:65,0
DA:71,0
DA:76,0
DA:77,0
DA:83,0
DA:88,0
DA:89,0
DA:90,0
DA:92,0
DA:93,0
DA:100,0
DA:101,0
DA:102,0
DA:104,0
DA:110,0
DA:111,0
DA:112,0
DA:114,0
DA:124,0
DA:129,0
DA:131,0
DA:132,0
DA:134,0
DA:140,0
DA:144,0
DA:145,0
DA:147,0
DA:153,0
DA:157,0
DA:159,0
DA:162,0
DA:168,0
DA:169,0
DA:175,0
DA:180,0
DA:181,0
DA:191,0
DA:195,0
DA:197,0
DA:198,0
DA:199,0
DA:203,0
DA:204,0
DA:205,0
DA:213,0
DA:218,0
DA:220,0
DA:224,0
DA:225,0
DA:229,0
DA:235,0
DA:236,0
DA:237,0
DA:238,0
LF:72
LH:0
BRDA:23,0,0,0
BRDA:25,1,0,0
BRDA:25,1,1,0
BRDA:25,2,0,0
BRDA:25,2,1,0
BRDA:27,3,0,0
BRDA:27,3,1,0
BRDA:40,4,0,0
BRDA:40,4,1,0
BRDA:53,5,0,0
BRDA:53,5,1,0
BRDA:65,6,0,0
BRDA:65,6,1,0
BRDA:74,7,0,0
BRDA:86,8,0,0
BRDA:88,9,0,0
BRDA:88,9,1,0
BRDA:89,10,0,0
BRDA:89,10,1,0
BRDA:92,11,0,0
BRDA:92,11,1,0
BRDA:101,12,0,0
BRDA:101,12,1,0
BRDA:111,13,0,0
BRDA:111,13,1,0
BRDA:127,14,0,0
BRDA:129,15,0,0
BRDA:129,15,1,0
BRDA:129,16,0,0
BRDA:129,16,1,0
BRDA:131,17,0,0
BRDA:131,17,1,0
BRDA:144,18,0,0
BRDA:144,18,1,0
BRDA:157,19,0,0
BRDA:157,19,1,0
BRDA:169,20,0,0
BRDA:169,20,1,0
BRDA:178,21,0,0
BRDA:195,22,0,0
BRDA:195,22,1,0
BRDA:195,23,0,0
BRDA:195,23,1,0
BRDA:197,24,0,0
BRDA:197,24,1,0
BRDA:218,25,0,0
BRDA:218,25,1,0
BRDA:224,26,0,0
BRDA:224,26,1,0
BRF:49
BRH:0
end_of_record
TN:
SF:lib\utils\weightTrends.ts
FN:14,calculateMovingAverage
FN:22,(anonymous_1)
FN:39,calculateMovingAverageAligned
FN:53,(anonymous_3)
FN:66,calculateWeeklyChange
FN:93,calculateProjectedWeight
FN:104,(anonymous_6)
FN:107,(anonymous_7)
FN:110,(anonymous_8)
FN:111,(anonymous_9)
FN:112,(anonymous_10)
FN:113,(anonymous_11)
FN:130,calculateAverage
FN:133,(anonymous_13)
FN:142,calculateTotalChange
FN:157,filterByDays
FN:161,(anonymous_16)
FN:170,formatWeightChange
FN:181,formatWeeklyRate
FNF:19
FNH:0
FNDA:0,calculateMovingAverage
FNDA:0,(anonymous_1)
FNDA:0,calculateMovingAverageAligned
FNDA:0,(anonymous_3)
FNDA:0,calculateWeeklyChange
FNDA:0,calculateProjectedWeight
FNDA:0,(anonymous_6)
FNDA:0,(anonymous_7)
FNDA:0,(anonymous_8)
FNDA:0,(anonymous_9)
FNDA:0,(anonymous_10)
FNDA:0,(anonymous_11)
FNDA:0,calculateAverage
FNDA:0,(anonymous_13)
FNDA:0,calculateTotalChange
FNDA:0,filterByDays
FNDA:0,(anonymous_16)
FNDA:0,formatWeightChange
FNDA:0,formatWeeklyRate
DA:14,0
DA:18,0
DA:20,0
DA:21,0
DA:22,0
DA:23,0
DA:29,0
DA:39,0
DA:43,0
DA:45,0
DA:47,0
DA:48,0
DA:50,0
DA:52,0
DA:53,0
DA:54,0
DA:58,0
DA:66,0
DA:67,0
DA:70,0
DA:71,0
DA:74,0
DA:75,0
DA:76,0
DA:79,0
DA:82,0
DA:84,0
DA:93,0
DA:97,0
DA:100,0
DA:103,0
DA:104,0
DA:105,0
DA:107,0
DA:110,0
DA:111,0
DA:112,0
DA:113,0
DA:115,0
DA:116,0
DA:119,0
DA:120,0
DA:122,0
DA:130,0
DA:131,0
DA:133,0
DA:134,0
DA:142,0
DA:143,0
DA:145,0
DA:146,0
DA:148,0
DA:157,0
DA:158,0
DA:159,0
DA:161,0
DA:170,0
DA:171,0
DA:172,0
DA:181,0
DA:182,0
DA:183,0
LF:62
LH:0
BRDA:16,0,0,0
BRDA:41,1,0,0
BRDA:43,2,0,0
BRDA:43,2,1,0
BRDA:48,3,0,0
BRDA:48,3,1,0
BRDA:67,4,0,0
BRDA:67,4,1,0
BRDA:95,5,0,0
BRDA:97,6,0,0
BRDA:97,6,1,0
BRDA:97,7,0,0
BRDA:97,7,1,0
BRDA:131,8,0,0
BRDA:131,8,1,0
BRDA:143,9,0,0
BRDA:143,9,1,0
BRDA:170,10,0,0
BRDA:171,11,0,0
BRDA:171,11,1,0
BRDA:181,12,0,0
BRDA:182,13,0,0
BRDA:182,13,1,0
BRF:23
BRH:0
end_of_record
TN:
SF:stores\authStore.ts
FN:27,seedTemplatesInBackground
FN:32,(anonymous_1)
FN:45,(anonymous_2)
FN:52,(anonymous_3)
FN:71,(anonymous_4)
FN:94,(anonymous_5)
FN:116,(anonymous_6)
FN:133,(anonymous_7)
FN:145,(anonymous_8)
FNF:9
FNH:0
FNDA:0,seedTemplatesInBackground
FNDA:0,(anonymous_1)
FNDA:0,(anonymous_2)
FNDA:0,(anonymous_3)
FNDA:0,(anonymous_4)
FNDA:0,(anonymous_5)
FNDA:0,(anonymous_6)
FNDA:0,(anonymous_7)
FNDA:0,(anonymous_8)
DA:1,0
DA:2,0
DA:4,0
DA:5,0
DA:22,0
DA:28,0
DA:29,0
DA:32,0
DA:33,0
DA:35,0
DA:38,0
DA:40,0
DA:45,0
DA:53,0
DA:54,0
DA:56,0
DA:58,0
DA:66,0
DA:67,0
DA:71,0
DA:72,0
DA:78,0
DA:79,0
DA:83,0
DA:84,0
DA:85,0
DA:89,0
DA:90,0
DA:95,0
DA:97,0
DA:108,0
DA:109,0
DA:112,0
DA:113,0
DA:117,0
DA:119,0
DA:125,0
DA:126,0
DA:129,0
DA:130,0
DA:134,0
DA:136,0
DA:138,0
DA:146,0
DA:148,0
DA:150,0
DA:151,0
LF:47
LH:0
BRDA:28,0,0,0
BRDA:28,0,1,0
BRDA:60,1,0,0
BRDA:60,1,1,0
BRDA:66,2,0,0
BRDA:66,2,1,0
BRDA:74,3,0,0
BRDA:74,3,1,0
BRDA:78,4,0,0
BRDA:78,4,1,0
BRDA:78,5,0,0
BRDA:78,5,1,0
BRDA:83,6,0,0
BRDA:83,6,1,0
BRDA:108,7,0,0
BRDA:108,7,1,0
BRDA:108,8,0,0
BRDA:108,8,1,0
BRDA:125,9,0,0
BRDA:125,9,1,0
BRDA:125,10,0,0
BRDA:125,10,1,0
BRF:22
BRH:0
end_of_record
TN:
SF:stores\notificationStore.ts
FN:21,(anonymous_1)
FN:25,(anonymous_2)
FN:33,(anonymous_3)
FN:46,(anonymous_4)
FN:47,(anonymous_5)
FN:48,(anonymous_6)
FN:52,(anonymous_7)
FN:60,(anonymous_8)
FN:61,(anonymous_9)
FN:62,(anonymous_10)
FN:69,(anonymous_11)
FN:70,(anonymous_12)
FN:71,(anonymous_13)
FN:75,(anonymous_14)
FN:81,(anonymous_15)
FN:86,(anonymous_16)
FN:92,(anonymous_17)
FNF:17
FNH:0
FNDA:0,(anonymous_1)
FNDA:0,(anonymous_2)
FNDA:0,(anonymous_3)
FNDA:0,(anonymous_4)
FNDA:0,(anonymous_5)
FNDA:0,(anonymous_6)
FNDA:0,(anonymous_7)
FNDA:0,(anonymous_8)
FNDA:0,(anonymous_9)
FNDA:0,(anonymous_10)
FNDA:0,(anonymous_11)
FNDA:0,(anonymous_12)
FNDA:0,(anonymous_13)
FNDA:0,(anonymous_14)
FNDA:0,(anonymous_15)
FNDA:0,(anonymous_16)
FNDA:0,(anonymous_17)
DA:1,0
DA:2,0
DA:3,0
DA:4,0
DA:19,0
DA:21,0
DA:26,0
DA:33,0
DA:35,0
DA:37,0
DA:43,0
DA:47,0
DA:48,0
DA:49,0
DA:51,0
DA:53,0
DA:61,0
DA:62,0
DA:66,0
DA:70,0
DA:71,0
DA:72,0
DA:74,0
DA:75,0
DA:82,0
DA:83,0
DA:87,0
DA:92,0
LF:28
LH:0
BRDA:49,0,0,0
BRDA:49,0,1,0
BRDA:49,1,0,0
BRDA:49,1,1,0
BRDA:53,2,0,0
BRDA:53,2,1,0
BRDA:72,3,0,0
BRDA:72,3,1,0
BRDA:76,4,0,0
BRDA:76,4,1,0
BRF:10
BRH:0
end_of_record
